#
# There is insufficient memory for the Java Runtime Environment to continue.
# Native memory allocation (malloc) failed to allocate 1048576 bytes for AllocateHeap
# Possible reasons:
#   The system is out of physical RAM or swap space
#   The process is running with CompressedOops enabled, and the Java Heap may be blocking the growth of the native heap
# Possible solutions:
#   Reduce memory load on the system
#   Increase physical memory or swap space
#   Check if swap backing store is full
#   Decrease Java heap size (-Xmx/-Xms)
#   Decrease number of Java threads
#   Decrease Java thread stack sizes (-Xss)
#   Set larger code cache with -XX:ReservedCodeCacheSize=
#   JVM is running with Unscaled Compressed Oops mode in which the Java heap is
#     placed in the first 4GB address space. The Java Heap base address is the
#     maximum limit for the native heap growth. Please use -XX:HeapBaseMinAddress
#     to set the Java Heap base and to place the Java Heap above 4GB virtual address.
# This output file may be truncated or incomplete.
#
#  Out of Memory Error (allocation.cpp:44), pid=12244, tid=16724
#
# JRE version: OpenJDK Runtime Environment Temurin-17.0.6+10 (17.0.6+10) (build 17.0.6+10)
# Java VM: OpenJDK 64-Bit Server VM Temurin-17.0.6+10 (17.0.6+10, mixed mode, emulated-client, tiered, compressed oops, compressed class ptrs, g1 gc, windows-amd64)
# No core dump will be written. Minidumps are not enabled by default on client versions of Windows
#

---------------  S U M M A R Y ------------

Command Line: -XX:+HeapDumpOnOutOfMemoryError -Xmx1024m -Dsts.lsp.client=vscode -Dsts.log.file=/dev/null -XX:TieredStopAtLevel=1 -Xlog:jni+resolve=off -Dspring.config.location=file:c:\Users\HP\.vscode\extensions\vmware.vscode-spring-boot-1.45.0\language-server\BOOT-INF\classes\application.properties org.springframework.ide.vscode.boot.app.BootLanguageServerBootApp

Host: Intel(R) Core(TM) i5-1035G1 CPU @ 1.00GHz, 8 cores, 15G,  Windows 10 , 64 bit Build 19041 (10.0.19041.2546)
Time: Wed Apr  5 09:59:02 2023 Atlantic Standard Time elapsed time: 7243.987012 seconds (0d 2h 0m 43s)

---------------  T H R E A D  ---------------

Current thread (0x0000020592bbdd80):  VMThread "VM Thread" [stack: 0x0000005819700000,0x0000005819800000] [id=16724]

Stack: [0x0000005819700000,0x0000005819800000]
Native frames: (J=compiled Java code, j=interpreted, Vv=VM code, C=native code)
V  [jvm.dll+0x67741a]
V  [jvm.dll+0x834434]
V  [jvm.dll+0x835bde]
V  [jvm.dll+0x836243]
V  [jvm.dll+0x2457b5]
V  [jvm.dll+0xa626f]
V  [jvm.dll+0x2f5ad3]
V  [jvm.dll+0x2f17e0]
V  [jvm.dll+0x2d9ee7]
V  [jvm.dll+0x31ce67]
V  [jvm.dll+0x83a6eb]
V  [jvm.dll+0x83b424]
V  [jvm.dll+0x83b93c]
V  [jvm.dll+0x83bd14]
V  [jvm.dll+0x83bde0]
V  [jvm.dll+0x7e483a]
V  [jvm.dll+0x6762c5]
C  [ucrtbase.dll+0x21bb2]
C  [KERNEL32.DLL+0x17614]
C  [ntdll.dll+0x526a1]

VM_Operation (0x000000581b1fec10): G1CollectFull, mode: safepoint, requested by thread 0x0000020594b357e0


---------------  P R O C E S S  ---------------

Threads class SMR info:
_java_thread_list=0x0000020597cd6660, length=25, elements={
0x0000020592bbe720, 0x000002059340f500, 0x0000020593442d60, 0x0000020593445630,
0x0000020593445ef0, 0x00000205934488b0, 0x000002059344a050, 0x0000020593459380,
0x00000205936659a0, 0x00000205936662b0, 0x0000020594c41060, 0x0000020594b35310,
0x0000020594b357e0, 0x0000020594bd3230, 0x0000020587d5ea80, 0x0000020594717880,
0x0000020594d18060, 0x0000020594d56350, 0x0000020594d6cd00, 0x0000020594d68000,
0x0000020594d6ab50, 0x0000020594d67660, 0x0000020594d66cc0, 0x0000020594d684d0,
0x0000020594d6a1b0
}

Java Threads: ( => current thread )
  0x0000020592bbe720 JavaThread "Reference Handler" daemon [_thread_blocked, id=12448, stack(0x0000005819800000,0x0000005819900000)]
  0x000002059340f500 JavaThread "Finalizer" daemon [_thread_blocked, id=7992, stack(0x0000005819900000,0x0000005819a00000)]
  0x0000020593442d60 JavaThread "Signal Dispatcher" daemon [_thread_blocked, id=2028, stack(0x0000005819b00000,0x0000005819c00000)]
  0x0000020593445630 JavaThread "Attach Listener" daemon [_thread_blocked, id=1888, stack(0x0000005819c00000,0x0000005819d00000)]
  0x0000020593445ef0 JavaThread "Service Thread" daemon [_thread_blocked, id=2404, stack(0x0000005819d00000,0x0000005819e00000)]
  0x00000205934488b0 JavaThread "Monitor Deflation Thread" daemon [_thread_blocked, id=4704, stack(0x0000005819e00000,0x0000005819f00000)]
  0x000002059344a050 JavaThread "C1 CompilerThread0" daemon [_thread_blocked, id=13004, stack(0x0000005819f00000,0x000000581a000000)]
  0x0000020593459380 JavaThread "Sweeper thread" daemon [_thread_blocked, id=17076, stack(0x000000581a000000,0x000000581a100000)]
  0x00000205936659a0 JavaThread "Notification Thread" daemon [_thread_blocked, id=7644, stack(0x000000581a300000,0x000000581a400000)]
  0x00000205936662b0 JavaThread "Common-Cleaner" daemon [_thread_blocked, id=5176, stack(0x000000581a500000,0x000000581a600000)]
  0x0000020594c41060 JavaThread "boundedElastic-evictor-1" daemon [_thread_blocked, id=15864, stack(0x000000581ad00000,0x000000581ae00000)]
  0x0000020594b35310 JavaThread "boundedElastic-evictor-2" daemon [_thread_blocked, id=15412, stack(0x000000581b000000,0x000000581b100000)]
  0x0000020594b357e0 JavaThread "pool-10-thread-1" [_thread_blocked, id=17060, stack(0x000000581b100000,0x000000581b200000)]
  0x0000020594bd3230 JavaThread "LanguageServerApp-lifecycle" [_thread_blocked, id=16088, stack(0x000000581b200000,0x000000581b300000)]
  0x0000020587d5ea80 JavaThread "DestroyJavaVM" [_thread_blocked, id=16792, stack(0x0000005819100000,0x0000005819200000)]
  0x0000020594717880 JavaThread "pool-11-thread-1" [_thread_in_native, id=10620, stack(0x000000581b300000,0x000000581b400000)]
  0x0000020594d18060 JavaThread "Simple-Language-Server main thread" daemon [_thread_blocked, id=14608, stack(0x000000581b400000,0x000000581b500000)]
  0x0000020594d56350 JavaThread "pool-6-thread-1" [_thread_blocked, id=10760, stack(0x000000581b500000,0x000000581b600000)]
  0x0000020594d6cd00 JavaThread "parallel-1" daemon [_thread_blocked, id=15356, stack(0x000000581c500000,0x000000581c600000)]
  0x0000020594d68000 JavaThread "pool-4-thread-1" [_thread_blocked, id=2904, stack(0x000000581c900000,0x000000581ca00000)]
  0x0000020594d6ab50 JavaThread "parallel-2" daemon [_thread_blocked, id=5560, stack(0x000000581ca00000,0x000000581cb00000)]
  0x0000020594d67660 JavaThread "parallel-3" daemon [_thread_blocked, id=5668, stack(0x000000581b900000,0x000000581ba00000)]
  0x0000020594d66cc0 JavaThread "parallel-4" daemon [_thread_blocked, id=15380, stack(0x000000581ba00000,0x000000581bb00000)]
  0x0000020594d684d0 JavaThread "Reconciler-1" daemon [_thread_blocked, id=5928, stack(0x000000581bb00000,0x000000581bc00000)]
  0x0000020594d6a1b0 JavaThread "parallel-5" daemon [_thread_blocked, id=18996, stack(0x0000005819000000,0x0000005819100000)]

Other Threads:
=>0x0000020592bbdd80 VMThread "VM Thread" [stack: 0x0000005819700000,0x0000005819800000] [id=16724]
  0x0000020593665e70 WatcherThread [stack: 0x000000581a400000,0x000000581a500000] [id=728]
  0x0000020587d9dd10 GCTaskThread "GC Thread#0" [stack: 0x0000005819200000,0x0000005819300000] [id=17300]
  0x0000020594291d40 GCTaskThread "GC Thread#1" [stack: 0x000000581a600000,0x000000581a700000] [id=2324]
  0x00000205942b67c0 GCTaskThread "GC Thread#2" [stack: 0x000000581a700000,0x000000581a800000] [id=2860]
  0x00000205942bb690 GCTaskThread "GC Thread#3" [stack: 0x000000581a800000,0x000000581a900000] [id=6552]
  0x00000205942bc370 GCTaskThread "GC Thread#4" [stack: 0x000000581a900000,0x000000581aa00000] [id=16992]
  0x00000205942bc620 GCTaskThread "GC Thread#5" [stack: 0x000000581aa00000,0x000000581ab00000] [id=16844]
  0x000002059455bf90 GCTaskThread "GC Thread#6" [stack: 0x000000581ab00000,0x000000581ac00000] [id=16432]
  0x000002059455c240 GCTaskThread "GC Thread#7" [stack: 0x000000581ac00000,0x000000581ad00000] [id=1092]
  0x0000020587da7c60 ConcurrentGCThread "G1 Main Marker" [stack: 0x0000005819300000,0x0000005819400000] [id=14828]
  0x0000020587da8e10 ConcurrentGCThread "G1 Conc#0" [stack: 0x0000005819400000,0x0000005819500000] [id=16776]
  0x00000205946cf580 ConcurrentGCThread "G1 Conc#1" [stack: 0x000000581af00000,0x000000581b000000] [id=8408]
  0x0000020587e1ec10 ConcurrentGCThread "G1 Refine#0" [stack: 0x0000005819500000,0x0000005819600000] [id=16408]
  0x0000020594e3f300 ConcurrentGCThread "G1 Refine#1" [stack: 0x000000581c700000,0x000000581c800000] [id=4944]
  0x00000205935179f0 ConcurrentGCThread "G1 Refine#2" [stack: 0x000000581c800000,0x000000581c900000] [id=17316]
  0x0000020593517cd0 ConcurrentGCThread "G1 Refine#3" [stack: 0x000000581cf00000,0x000000581d000000] [id=16164]
  0x0000020593518570 ConcurrentGCThread "G1 Refine#4" [stack: 0x000000581b700000,0x000000581b800000] [id=17308]
  0x0000020593517150 ConcurrentGCThread "G1 Refine#5" [stack: 0x000000581b800000,0x000000581b900000] [id=9156]
  0x0000020592a268b0 ConcurrentGCThread "G1 Service" [stack: 0x0000005819600000,0x0000005819700000] [id=1960]

Threads with active compile tasks:

VM state: at safepoint (normal execution)

VM Mutex/Monitor currently owned by a thread:  ([mutex/lock_event])
[0x0000020585c8ceb0] Threads_lock - owner thread: 0x0000020592bbdd80
[0x0000020587d5b960] Heap_lock - owner thread: 0x0000020594b357e0

Heap address: 0x00000000c0000000, size: 1024 MB, Compressed Oops mode: 32-bit

CDS archive(s) not mapped
Compressed class space mapped at: 0x0000000100000000-0x0000000140000000, reserved size: 1073741824
Narrow klass base: 0x0000000000000000, Narrow klass shift: 3, Narrow klass range: 0x140000000

GC Precious Log:
 CPUs: 8 total, 8 available
 Memory: 16072M
 Large Page Support: Disabled
 NUMA Support: Disabled
 Compressed Oops: Enabled (32-bit)
 Heap Region Size: 1M
 Heap Min Capacity: 8M
 Heap Initial Capacity: 252M
 Heap Max Capacity: 1G
 Pre-touch: Disabled
 Parallel Workers: 8
 Concurrent Workers: 2
 Concurrent Refinement Workers: 8
 Periodic GC: Disabled

Heap:
 garbage-first heap   total 225280K, used 66675K [0x00000000c0000000, 0x0000000100000000)
  region size 1024K, 1 young (1024K), 0 survivors (0K)
 Metaspace       used 69624K, committed 70400K, reserved 1114112K
  class space    used 9470K, committed 9792K, reserved 1048576K

Heap Regions: E=young(eden), S=young(survivor), O=old, HS=humongous(starts), HC=humongous(continues), CS=collection set, F=free, OA=open archive, CA=closed archive, TAMS=top-at-mark-start (previous, next)
|   0|0x00000000c0000000, 0x00000000c0100000, 0x00000000c0100000|100%| O|  |TAMS 0x00000000c0100000, 0x00000000c0000000| Untracked 
|   1|0x00000000c0100000, 0x00000000c0200000, 0x00000000c0200000|100%| O|  |TAMS 0x00000000c0200000, 0x00000000c0100000| Untracked 
|   2|0x00000000c0200000, 0x00000000c0300000, 0x00000000c0300000|100%| O|  |TAMS 0x00000000c0300000, 0x00000000c0200000| Untracked 
|   3|0x00000000c0300000, 0x00000000c03fffe8, 0x00000000c0400000| 99%| O|  |TAMS 0x00000000c03fffe8, 0x00000000c0300000| Untracked 
|   4|0x00000000c0400000, 0x00000000c0500000, 0x00000000c0500000|100%| O|  |TAMS 0x00000000c0500000, 0x00000000c0400000| Untracked 
|   5|0x00000000c0500000, 0x00000000c05fffe8, 0x00000000c0600000| 99%| O|  |TAMS 0x00000000c05fffe8, 0x00000000c0500000| Untracked 
|   6|0x00000000c0600000, 0x00000000c06ffff0, 0x00000000c0700000| 99%| O|  |TAMS 0x00000000c06ffff0, 0x00000000c0600000| Untracked 
|   7|0x00000000c0700000, 0x00000000c0800000, 0x00000000c0800000|100%| O|  |TAMS 0x00000000c0800000, 0x00000000c0700000| Untracked 
|   8|0x00000000c0800000, 0x00000000c08ffff0, 0x00000000c0900000| 99%| O|  |TAMS 0x00000000c08ffff0, 0x00000000c0800000| Untracked 
|   9|0x00000000c0900000, 0x00000000c0a00000, 0x00000000c0a00000|100%| O|  |TAMS 0x00000000c0a00000, 0x00000000c0900000| Untracked 
|  10|0x00000000c0a00000, 0x00000000c0afffd0, 0x00000000c0b00000| 99%| O|  |TAMS 0x00000000c0afffd0, 0x00000000c0a00000| Untracked 
|  11|0x00000000c0b00000, 0x00000000c0c00000, 0x00000000c0c00000|100%| O|  |TAMS 0x00000000c0c00000, 0x00000000c0b00000| Untracked 
|  12|0x00000000c0c00000, 0x00000000c0cfffe8, 0x00000000c0d00000| 99%| O|  |TAMS 0x00000000c0cfffe8, 0x00000000c0c00000| Untracked 
|  13|0x00000000c0d00000, 0x00000000c0dfffe8, 0x00000000c0e00000| 99%| O|  |TAMS 0x00000000c0dfffe8, 0x00000000c0d00000| Untracked 
|  14|0x00000000c0e00000, 0x00000000c0effff8, 0x00000000c0f00000| 99%| O|  |TAMS 0x00000000c0effff8, 0x00000000c0e00000| Untracked 
|  15|0x00000000c0f00000, 0x00000000c0fffff8, 0x00000000c1000000| 99%| O|  |TAMS 0x00000000c0fffff8, 0x00000000c0f00000| Untracked 
|  16|0x00000000c1000000, 0x00000000c10ffff8, 0x00000000c1100000| 99%| O|  |TAMS 0x00000000c10ffff8, 0x00000000c1000000| Untracked 
|  17|0x00000000c1100000, 0x00000000c11ffd58, 0x00000000c1200000| 99%| O|  |TAMS 0x00000000c11ffd58, 0x00000000c1100000| Untracked 
|  18|0x00000000c1200000, 0x00000000c12fffe8, 0x00000000c1300000| 99%| O|  |TAMS 0x00000000c12fffe8, 0x00000000c1200000| Untracked 
|  19|0x00000000c1300000, 0x00000000c13fffd8, 0x00000000c1400000| 99%| O|  |TAMS 0x00000000c13fffd8, 0x00000000c1300000| Untracked 
|  20|0x00000000c1400000, 0x00000000c14ffff0, 0x00000000c1500000| 99%| O|  |TAMS 0x00000000c14ffff0, 0x00000000c1400000| Untracked 
|  21|0x00000000c1500000, 0x00000000c1600000, 0x00000000c1600000|100%| O|  |TAMS 0x00000000c1600000, 0x00000000c1500000| Untracked 
|  22|0x00000000c1600000, 0x00000000c16ffff8, 0x00000000c1700000| 99%| O|  |TAMS 0x00000000c16ffff8, 0x00000000c1600000| Untracked 
|  23|0x00000000c1700000, 0x00000000c1800000, 0x00000000c1800000|100%| O|  |TAMS 0x00000000c1800000, 0x00000000c1700000| Untracked 
|  24|0x00000000c1800000, 0x00000000c1900000, 0x00000000c1900000|100%| O|  |TAMS 0x00000000c1900000, 0x00000000c1800000| Untracked 
|  25|0x00000000c1900000, 0x00000000c19f7f00, 0x00000000c1a00000| 96%| O|  |TAMS 0x00000000c19f7f00, 0x00000000c1900000| Untracked 
|  26|0x00000000c1a00000, 0x00000000c1b00000, 0x00000000c1b00000|100%| O|  |TAMS 0x00000000c1b00000, 0x00000000c1a00000| Untracked 
|  27|0x00000000c1b00000, 0x00000000c1c00000, 0x00000000c1c00000|100%| O|  |TAMS 0x00000000c1c00000, 0x00000000c1b00000| Untracked 
|  28|0x00000000c1c00000, 0x00000000c1cffff8, 0x00000000c1d00000| 99%| O|  |TAMS 0x00000000c1cffff8, 0x00000000c1c00000| Untracked 
|  29|0x00000000c1d00000, 0x00000000c1e00000, 0x00000000c1e00000|100%| O|  |TAMS 0x00000000c1e00000, 0x00000000c1d00000| Untracked 
|  30|0x00000000c1e00000, 0x00000000c1efffe8, 0x00000000c1f00000| 99%| O|  |TAMS 0x00000000c1efffe8, 0x00000000c1e00000| Untracked 
|  31|0x00000000c1f00000, 0x00000000c1ffffe8, 0x00000000c2000000| 99%| O|  |TAMS 0x00000000c1ffffe8, 0x00000000c1f00000| Untracked 
|  32|0x00000000c2000000, 0x00000000c20ffff8, 0x00000000c2100000| 99%| O|  |TAMS 0x00000000c20ffff8, 0x00000000c2000000| Untracked 
|  33|0x00000000c2100000, 0x00000000c21fe520, 0x00000000c2200000| 99%| O|  |TAMS 0x00000000c21fe520, 0x00000000c2100000| Untracked 
|  34|0x00000000c2200000, 0x00000000c22ffce0, 0x00000000c2300000| 99%| O|  |TAMS 0x00000000c22ffce0, 0x00000000c2200000| Untracked 
|  35|0x00000000c2300000, 0x00000000c23fffc0, 0x00000000c2400000| 99%| O|  |TAMS 0x00000000c23fffc0, 0x00000000c2300000| Untracked 
|  36|0x00000000c2400000, 0x00000000c24ffff0, 0x00000000c2500000| 99%| O|  |TAMS 0x00000000c24ffff0, 0x00000000c2400000| Untracked 
|  37|0x00000000c2500000, 0x00000000c25fd888, 0x00000000c2600000| 99%| O|  |TAMS 0x00000000c25fd888, 0x00000000c2500000| Untracked 
|  38|0x00000000c2600000, 0x00000000c26ffff0, 0x00000000c2700000| 99%| O|  |TAMS 0x00000000c26ffff0, 0x00000000c2600000| Untracked 
|  39|0x00000000c2700000, 0x00000000c27ffff0, 0x00000000c2800000| 99%| O|  |TAMS 0x00000000c27ffff0, 0x00000000c2700000| Untracked 
|  40|0x00000000c2800000, 0x00000000c28f50f8, 0x00000000c2900000| 95%| O|  |TAMS 0x00000000c28f50f8, 0x00000000c2800000| Untracked 
|  41|0x00000000c2900000, 0x00000000c2a00000, 0x00000000c2a00000|100%| O|  |TAMS 0x00000000c2a00000, 0x00000000c2900000| Untracked 
|  42|0x00000000c2a00000, 0x00000000c2afffe8, 0x00000000c2b00000| 99%| O|  |TAMS 0x00000000c2afffe8, 0x00000000c2a00000| Untracked 
|  43|0x00000000c2b00000, 0x00000000c2c00000, 0x00000000c2c00000|100%| O|  |TAMS 0x00000000c2c00000, 0x00000000c2b00000| Untracked 
|  44|0x00000000c2c00000, 0x00000000c2cffff8, 0x00000000c2d00000| 99%| O|  |TAMS 0x00000000c2cffff8, 0x00000000c2c00000| Untracked 
|  45|0x00000000c2d00000, 0x00000000c2df3a90, 0x00000000c2e00000| 95%| O|  |TAMS 0x00000000c2df3a90, 0x00000000c2d00000| Untracked 
|  46|0x00000000c2e00000, 0x00000000c2f00000, 0x00000000c2f00000|100%| O|  |TAMS 0x00000000c2f00000, 0x00000000c2e00000| Untracked 
|  47|0x00000000c2f00000, 0x00000000c3000000, 0x00000000c3000000|100%| O|  |TAMS 0x00000000c3000000, 0x00000000c2f00000| Untracked 
|  48|0x00000000c3000000, 0x00000000c3100000, 0x00000000c3100000|100%|HS|  |TAMS 0x00000000c3100000, 0x00000000c3000000| Untracked 
|  49|0x00000000c3100000, 0x00000000c3200000, 0x00000000c3200000|100%| O|  |TAMS 0x00000000c3200000, 0x00000000c3100000| Untracked 
|  50|0x00000000c3200000, 0x00000000c3300000, 0x00000000c3300000|100%| O|  |TAMS 0x00000000c3300000, 0x00000000c3200000| Untracked 
|  51|0x00000000c3300000, 0x00000000c33ffff0, 0x00000000c3400000| 99%| O|  |TAMS 0x00000000c33ffff0, 0x00000000c3300000| Untracked 
|  52|0x00000000c3400000, 0x00000000c34ffff0, 0x00000000c3500000| 99%| O|  |TAMS 0x00000000c34ffff0, 0x00000000c3400000| Untracked 
|  53|0x00000000c3500000, 0x00000000c35c5ba0, 0x00000000c3600000| 77%| O|  |TAMS 0x00000000c3500000, 0x00000000c3500000| Untracked 
|  54|0x00000000c3600000, 0x00000000c36fffe8, 0x00000000c3700000| 99%| O|  |TAMS 0x00000000c36fffe8, 0x00000000c3600000| Untracked 
|  55|0x00000000c3700000, 0x00000000c3800000, 0x00000000c3800000|100%| O|  |TAMS 0x00000000c3800000, 0x00000000c3700000| Untracked 
|  56|0x00000000c3800000, 0x00000000c3900000, 0x00000000c3900000|100%|HS|  |TAMS 0x00000000c3900000, 0x00000000c3800000| Untracked 
|  57|0x00000000c3900000, 0x00000000c39fffd8, 0x00000000c3a00000| 99%| O|  |TAMS 0x00000000c39fffd8, 0x00000000c3900000| Untracked 
|  58|0x00000000c3a00000, 0x00000000c3affff8, 0x00000000c3b00000| 99%| O|  |TAMS 0x00000000c3affff8, 0x00000000c3a00000| Untracked 
|  59|0x00000000c3b00000, 0x00000000c3bade88, 0x00000000c3c00000| 67%| O|  |TAMS 0x00000000c3b00000, 0x00000000c3b00000| Untracked 
|  60|0x00000000c3c00000, 0x00000000c3ccd348, 0x00000000c3d00000| 80%| O|  |TAMS 0x00000000c3c00000, 0x00000000c3c00000| Untracked 
|  61|0x00000000c3d00000, 0x00000000c3d00088, 0x00000000c3e00000|  0%| O|  |TAMS 0x00000000c3d00000, 0x00000000c3d00000| Untracked 
|  62|0x00000000c3e00000, 0x00000000c3e00000, 0x00000000c3f00000|  0%| F|  |TAMS 0x00000000c3e00000, 0x00000000c3e00000| Untracked 
|  63|0x00000000c3f00000, 0x00000000c3f00000, 0x00000000c4000000|  0%| F|  |TAMS 0x00000000c3f00000, 0x00000000c3f00000| Untracked 
|  64|0x00000000c4000000, 0x00000000c4000000, 0x00000000c4100000|  0%| F|  |TAMS 0x00000000c4000000, 0x00000000c4000000| Untracked 
|  65|0x00000000c4100000, 0x00000000c4100000, 0x00000000c4200000|  0%| F|  |TAMS 0x00000000c4100000, 0x00000000c4100000| Untracked 
|  66|0x00000000c4200000, 0x00000000c4200000, 0x00000000c4300000|  0%| F|  |TAMS 0x00000000c4200000, 0x00000000c4200000| Untracked 
|  67|0x00000000c4300000, 0x00000000c4300000, 0x00000000c4400000|  0%| F|  |TAMS 0x00000000c4300000, 0x00000000c4300000| Untracked 
|  68|0x00000000c4400000, 0x00000000c4400000, 0x00000000c4500000|  0%| F|  |TAMS 0x00000000c4400000, 0x00000000c4400000| Untracked 
|  69|0x00000000c4500000, 0x00000000c4500000, 0x00000000c4600000|  0%| F|  |TAMS 0x00000000c4500000, 0x00000000c4500000| Untracked 
|  70|0x00000000c4600000, 0x00000000c4600000, 0x00000000c4700000|  0%| F|  |TAMS 0x00000000c4600000, 0x00000000c4600000| Untracked 
|  71|0x00000000c4700000, 0x00000000c4700000, 0x00000000c4800000|  0%| F|  |TAMS 0x00000000c4700000, 0x00000000c4700000| Untracked 
|  72|0x00000000c4800000, 0x00000000c4800000, 0x00000000c4900000|  0%| F|  |TAMS 0x00000000c4800000, 0x00000000c4800000| Untracked 
|  73|0x00000000c4900000, 0x00000000c4900000, 0x00000000c4a00000|  0%| F|  |TAMS 0x00000000c4900000, 0x00000000c4900000| Untracked 
|  74|0x00000000c4a00000, 0x00000000c4a00000, 0x00000000c4b00000|  0%| F|  |TAMS 0x00000000c4a00000, 0x00000000c4a00000| Untracked 
|  75|0x00000000c4b00000, 0x00000000c4b00000, 0x00000000c4c00000|  0%| F|  |TAMS 0x00000000c4b00000, 0x00000000c4b00000| Untracked 
|  76|0x00000000c4c00000, 0x00000000c4c00000, 0x00000000c4d00000|  0%| F|  |TAMS 0x00000000c4c00000, 0x00000000c4c00000| Untracked 
|  77|0x00000000c4d00000, 0x00000000c4d00000, 0x00000000c4e00000|  0%| F|  |TAMS 0x00000000c4d00000, 0x00000000c4d00000| Untracked 
|  78|0x00000000c4e00000, 0x00000000c4e00000, 0x00000000c4f00000|  0%| F|  |TAMS 0x00000000c4e00000, 0x00000000c4e00000| Untracked 
|  79|0x00000000c4f00000, 0x00000000c4f00000, 0x00000000c5000000|  0%| F|  |TAMS 0x00000000c4f00000, 0x00000000c4f00000| Untracked 
|  80|0x00000000c5000000, 0x00000000c5000000, 0x00000000c5100000|  0%| F|  |TAMS 0x00000000c5000000, 0x00000000c5000000| Untracked 
|  81|0x00000000c5100000, 0x00000000c5100000, 0x00000000c5200000|  0%| F|  |TAMS 0x00000000c5100000, 0x00000000c5100000| Untracked 
|  82|0x00000000c5200000, 0x00000000c5300000, 0x00000000c5300000|100%|HS|  |TAMS 0x00000000c5300000, 0x00000000c5200000| Untracked 
|  83|0x00000000c5300000, 0x00000000c5400000, 0x00000000c5400000|100%|HC|  |TAMS 0x00000000c5400000, 0x00000000c5300000| Untracked 
|  84|0x00000000c5400000, 0x00000000c5400000, 0x00000000c5500000|  0%| F|  |TAMS 0x00000000c5400000, 0x00000000c5400000| Untracked 
|  85|0x00000000c5500000, 0x00000000c5500000, 0x00000000c5600000|  0%| F|  |TAMS 0x00000000c5500000, 0x00000000c5500000| Untracked 
|  86|0x00000000c5600000, 0x00000000c5600000, 0x00000000c5700000|  0%| F|  |TAMS 0x00000000c5600000, 0x00000000c5600000| Untracked 
|  87|0x00000000c5700000, 0x00000000c5700000, 0x00000000c5800000|  0%| F|  |TAMS 0x00000000c5700000, 0x00000000c5700000| Untracked 
|  88|0x00000000c5800000, 0x00000000c5800000, 0x00000000c5900000|  0%| F|  |TAMS 0x00000000c5800000, 0x00000000c5800000| Untracked 
|  89|0x00000000c5900000, 0x00000000c5900000, 0x00000000c5a00000|  0%| F|  |TAMS 0x00000000c5900000, 0x00000000c5900000| Untracked 
|  90|0x00000000c5a00000, 0x00000000c5a00000, 0x00000000c5b00000|  0%| F|  |TAMS 0x00000000c5a00000, 0x00000000c5a00000| Untracked 
|  91|0x00000000c5b00000, 0x00000000c5b00000, 0x00000000c5c00000|  0%| F|  |TAMS 0x00000000c5b00000, 0x00000000c5b00000| Untracked 
|  92|0x00000000c5c00000, 0x00000000c5c00000, 0x00000000c5d00000|  0%| F|  |TAMS 0x00000000c5c00000, 0x00000000c5c00000| Untracked 
|  93|0x00000000c5d00000, 0x00000000c5d00000, 0x00000000c5e00000|  0%| F|  |TAMS 0x00000000c5d00000, 0x00000000c5d00000| Untracked 
|  94|0x00000000c5e00000, 0x00000000c5e00000, 0x00000000c5f00000|  0%| F|  |TAMS 0x00000000c5e00000, 0x00000000c5e00000| Untracked 
|  95|0x00000000c5f00000, 0x00000000c5f00000, 0x00000000c6000000|  0%| F|  |TAMS 0x00000000c5f00000, 0x00000000c5f00000| Untracked 
|  96|0x00000000c6000000, 0x00000000c6000000, 0x00000000c6100000|  0%| F|  |TAMS 0x00000000c6000000, 0x00000000c6000000| Untracked 
|  97|0x00000000c6100000, 0x00000000c6100000, 0x00000000c6200000|  0%| F|  |TAMS 0x00000000c6100000, 0x00000000c6100000| Untracked 
|  98|0x00000000c6200000, 0x00000000c6200000, 0x00000000c6300000|  0%| F|  |TAMS 0x00000000c6200000, 0x00000000c6200000| Untracked 
|  99|0x00000000c6300000, 0x00000000c6400000, 0x00000000c6400000|100%| O|  |TAMS 0x00000000c6400000, 0x00000000c6300000| Untracked 
| 100|0x00000000c6400000, 0x00000000c6400000, 0x00000000c6500000|  0%| F|  |TAMS 0x00000000c6400000, 0x00000000c6400000| Untracked 
| 101|0x00000000c6500000, 0x00000000c6500000, 0x00000000c6600000|  0%| F|  |TAMS 0x00000000c6500000, 0x00000000c6500000| Untracked 
| 102|0x00000000c6600000, 0x00000000c6600000, 0x00000000c6700000|  0%| F|  |TAMS 0x00000000c6600000, 0x00000000c6600000| Untracked 
| 103|0x00000000c6700000, 0x00000000c6700000, 0x00000000c6800000|  0%| F|  |TAMS 0x00000000c6700000, 0x00000000c6700000| Untracked 
| 104|0x00000000c6800000, 0x00000000c6800000, 0x00000000c6900000|  0%| F|  |TAMS 0x00000000c6800000, 0x00000000c6800000| Untracked 
| 105|0x00000000c6900000, 0x00000000c6900000, 0x00000000c6a00000|  0%| F|  |TAMS 0x00000000c6900000, 0x00000000c6900000| Untracked 
| 106|0x00000000c6a00000, 0x00000000c6a00000, 0x00000000c6b00000|  0%| F|  |TAMS 0x00000000c6a00000, 0x00000000c6a00000| Untracked 
| 107|0x00000000c6b00000, 0x00000000c6b00000, 0x00000000c6c00000|  0%| F|  |TAMS 0x00000000c6b00000, 0x00000000c6b00000| Untracked 
| 108|0x00000000c6c00000, 0x00000000c6c00000, 0x00000000c6d00000|  0%| F|  |TAMS 0x00000000c6c00000, 0x00000000c6c00000| Untracked 
| 109|0x00000000c6d00000, 0x00000000c6d00000, 0x00000000c6e00000|  0%| F|  |TAMS 0x00000000c6d00000, 0x00000000c6d00000| Untracked 
| 110|0x00000000c6e00000, 0x00000000c6e00000, 0x00000000c6f00000|  0%| F|  |TAMS 0x00000000c6e00000, 0x00000000c6e00000| Untracked 
| 111|0x00000000c6f00000, 0x00000000c6f00000, 0x00000000c7000000|  0%| F|  |TAMS 0x00000000c6f00000, 0x00000000c6f00000| Untracked 
| 112|0x00000000c7000000, 0x00000000c7000000, 0x00000000c7100000|  0%| F|  |TAMS 0x00000000c7000000, 0x00000000c7000000| Untracked 
| 113|0x00000000c7100000, 0x00000000c7100000, 0x00000000c7200000|  0%| F|  |TAMS 0x00000000c7100000, 0x00000000c7100000| Untracked 
| 114|0x00000000c7200000, 0x00000000c7200000, 0x00000000c7300000|  0%| F|  |TAMS 0x00000000c7200000, 0x00000000c7200000| Untracked 
| 115|0x00000000c7300000, 0x00000000c7300000, 0x00000000c7400000|  0%| F|  |TAMS 0x00000000c7300000, 0x00000000c7300000| Untracked 
| 116|0x00000000c7400000, 0x00000000c7400000, 0x00000000c7500000|  0%| F|  |TAMS 0x00000000c7400000, 0x00000000c7400000| Untracked 
| 117|0x00000000c7500000, 0x00000000c7500000, 0x00000000c7600000|  0%| F|  |TAMS 0x00000000c7500000, 0x00000000c7500000| Untracked 
| 118|0x00000000c7600000, 0x00000000c7600000, 0x00000000c7700000|  0%| F|  |TAMS 0x00000000c7600000, 0x00000000c7600000| Untracked 
| 119|0x00000000c7700000, 0x00000000c7700000, 0x00000000c7800000|  0%| F|  |TAMS 0x00000000c7700000, 0x00000000c7700000| Untracked 
| 120|0x00000000c7800000, 0x00000000c7800000, 0x00000000c7900000|  0%| F|  |TAMS 0x00000000c7800000, 0x00000000c7800000| Untracked 
| 121|0x00000000c7900000, 0x00000000c7900000, 0x00000000c7a00000|  0%| F|  |TAMS 0x00000000c7900000, 0x00000000c7900000| Untracked 
| 122|0x00000000c7a00000, 0x00000000c7a00000, 0x00000000c7b00000|  0%| F|  |TAMS 0x00000000c7a00000, 0x00000000c7a00000| Untracked 
| 123|0x00000000c7b00000, 0x00000000c7b00000, 0x00000000c7c00000|  0%| F|  |TAMS 0x00000000c7b00000, 0x00000000c7b00000| Untracked 
| 124|0x00000000c7c00000, 0x00000000c7c00000, 0x00000000c7d00000|  0%| F|  |TAMS 0x00000000c7c00000, 0x00000000c7c00000| Untracked 
| 125|0x00000000c7d00000, 0x00000000c7d00000, 0x00000000c7e00000|  0%| F|  |TAMS 0x00000000c7d00000, 0x00000000c7d00000| Untracked 
| 126|0x00000000c7e00000, 0x00000000c7e00000, 0x00000000c7f00000|  0%| F|  |TAMS 0x00000000c7e00000, 0x00000000c7e00000| Untracked 
| 127|0x00000000c7f00000, 0x00000000c7f00000, 0x00000000c8000000|  0%| F|  |TAMS 0x00000000c7f00000, 0x00000000c7f00000| Untracked 
| 128|0x00000000c8000000, 0x00000000c8000000, 0x00000000c8100000|  0%| F|  |TAMS 0x00000000c8000000, 0x00000000c8000000| Untracked 
| 129|0x00000000c8100000, 0x00000000c8100000, 0x00000000c8200000|  0%| F|  |TAMS 0x00000000c8100000, 0x00000000c8100000| Untracked 
| 130|0x00000000c8200000, 0x00000000c8200000, 0x00000000c8300000|  0%| F|  |TAMS 0x00000000c8200000, 0x00000000c8200000| Untracked 
| 131|0x00000000c8300000, 0x00000000c8300000, 0x00000000c8400000|  0%| F|  |TAMS 0x00000000c8300000, 0x00000000c8300000| Untracked 
| 132|0x00000000c8400000, 0x00000000c8400000, 0x00000000c8500000|  0%| F|  |TAMS 0x00000000c8400000, 0x00000000c8400000| Untracked 
| 133|0x00000000c8500000, 0x00000000c8500000, 0x00000000c8600000|  0%| F|  |TAMS 0x00000000c8500000, 0x00000000c8500000| Untracked 
| 134|0x00000000c8600000, 0x00000000c8600000, 0x00000000c8700000|  0%| F|  |TAMS 0x00000000c8600000, 0x00000000c8600000| Untracked 
| 135|0x00000000c8700000, 0x00000000c8700000, 0x00000000c8800000|  0%| F|  |TAMS 0x00000000c8700000, 0x00000000c8700000| Untracked 
| 136|0x00000000c8800000, 0x00000000c8800000, 0x00000000c8900000|  0%| F|  |TAMS 0x00000000c8800000, 0x00000000c8800000| Untracked 
| 137|0x00000000c8900000, 0x00000000c8900000, 0x00000000c8a00000|  0%| F|  |TAMS 0x00000000c8900000, 0x00000000c8900000| Untracked 
| 138|0x00000000c8a00000, 0x00000000c8a00000, 0x00000000c8b00000|  0%| F|  |TAMS 0x00000000c8a00000, 0x00000000c8a00000| Untracked 
| 139|0x00000000c8b00000, 0x00000000c8b00000, 0x00000000c8c00000|  0%| F|  |TAMS 0x00000000c8b00000, 0x00000000c8b00000| Untracked 
| 140|0x00000000c8c00000, 0x00000000c8c00000, 0x00000000c8d00000|  0%| F|  |TAMS 0x00000000c8c00000, 0x00000000c8c00000| Untracked 
| 141|0x00000000c8d00000, 0x00000000c8d00000, 0x00000000c8e00000|  0%| F|  |TAMS 0x00000000c8d00000, 0x00000000c8d00000| Untracked 
| 142|0x00000000c8e00000, 0x00000000c8e00000, 0x00000000c8f00000|  0%| F|  |TAMS 0x00000000c8e00000, 0x00000000c8e00000| Untracked 
| 143|0x00000000c8f00000, 0x00000000c8f00000, 0x00000000c9000000|  0%| F|  |TAMS 0x00000000c8f00000, 0x00000000c8f00000| Untracked 
| 144|0x00000000c9000000, 0x00000000c9000000, 0x00000000c9100000|  0%| F|  |TAMS 0x00000000c9000000, 0x00000000c9000000| Untracked 
| 145|0x00000000c9100000, 0x00000000c9100000, 0x00000000c9200000|  0%| F|  |TAMS 0x00000000c9100000, 0x00000000c9100000| Untracked 
| 146|0x00000000c9200000, 0x00000000c9200000, 0x00000000c9300000|  0%| F|  |TAMS 0x00000000c9200000, 0x00000000c9200000| Untracked 
| 147|0x00000000c9300000, 0x00000000c9300000, 0x00000000c9400000|  0%| F|  |TAMS 0x00000000c9300000, 0x00000000c9300000| Untracked 
| 148|0x00000000c9400000, 0x00000000c9400000, 0x00000000c9500000|  0%| F|  |TAMS 0x00000000c9400000, 0x00000000c9400000| Untracked 
| 149|0x00000000c9500000, 0x00000000c9500000, 0x00000000c9600000|  0%| F|  |TAMS 0x00000000c9500000, 0x00000000c9500000| Untracked 
| 150|0x00000000c9600000, 0x00000000c9600000, 0x00000000c9700000|  0%| F|  |TAMS 0x00000000c9600000, 0x00000000c9600000| Untracked 
| 151|0x00000000c9700000, 0x00000000c9700000, 0x00000000c9800000|  0%| F|  |TAMS 0x00000000c9700000, 0x00000000c9700000| Untracked 
| 152|0x00000000c9800000, 0x00000000c9800000, 0x00000000c9900000|  0%| F|  |TAMS 0x00000000c9800000, 0x00000000c9800000| Untracked 
| 153|0x00000000c9900000, 0x00000000c9900000, 0x00000000c9a00000|  0%| F|  |TAMS 0x00000000c9900000, 0x00000000c9900000| Untracked 
| 154|0x00000000c9a00000, 0x00000000c9a00000, 0x00000000c9b00000|  0%| F|  |TAMS 0x00000000c9a00000, 0x00000000c9a00000| Untracked 
| 155|0x00000000c9b00000, 0x00000000c9b00000, 0x00000000c9c00000|  0%| F|  |TAMS 0x00000000c9b00000, 0x00000000c9b00000| Untracked 
| 156|0x00000000c9c00000, 0x00000000c9c00000, 0x00000000c9d00000|  0%| F|  |TAMS 0x00000000c9c00000, 0x00000000c9c00000| Untracked 
| 157|0x00000000c9d00000, 0x00000000c9d00000, 0x00000000c9e00000|  0%| F|  |TAMS 0x00000000c9d00000, 0x00000000c9d00000| Untracked 
| 158|0x00000000c9e00000, 0x00000000c9e00000, 0x00000000c9f00000|  0%| F|  |TAMS 0x00000000c9e00000, 0x00000000c9e00000| Untracked 
| 159|0x00000000c9f00000, 0x00000000c9f00000, 0x00000000ca000000|  0%| F|  |TAMS 0x00000000c9f00000, 0x00000000c9f00000| Untracked 
| 160|0x00000000ca000000, 0x00000000ca000000, 0x00000000ca100000|  0%| F|  |TAMS 0x00000000ca000000, 0x00000000ca000000| Untracked 
| 161|0x00000000ca100000, 0x00000000ca100000, 0x00000000ca200000|  0%| F|  |TAMS 0x00000000ca100000, 0x00000000ca100000| Untracked 
| 162|0x00000000ca200000, 0x00000000ca200000, 0x00000000ca300000|  0%| F|  |TAMS 0x00000000ca200000, 0x00000000ca200000| Untracked 
| 163|0x00000000ca300000, 0x00000000ca300000, 0x00000000ca400000|  0%| F|  |TAMS 0x00000000ca300000, 0x00000000ca300000| Untracked 
| 164|0x00000000ca400000, 0x00000000ca400000, 0x00000000ca500000|  0%| F|  |TAMS 0x00000000ca400000, 0x00000000ca400000| Untracked 
| 165|0x00000000ca500000, 0x00000000ca500000, 0x00000000ca600000|  0%| F|  |TAMS 0x00000000ca500000, 0x00000000ca500000| Untracked 
| 166|0x00000000ca600000, 0x00000000ca600000, 0x00000000ca700000|  0%| F|  |TAMS 0x00000000ca600000, 0x00000000ca600000| Untracked 
| 167|0x00000000ca700000, 0x00000000ca700000, 0x00000000ca800000|  0%| F|  |TAMS 0x00000000ca700000, 0x00000000ca700000| Untracked 
| 168|0x00000000ca800000, 0x00000000ca800000, 0x00000000ca900000|  0%| F|  |TAMS 0x00000000ca800000, 0x00000000ca800000| Untracked 
| 169|0x00000000ca900000, 0x00000000ca900000, 0x00000000caa00000|  0%| F|  |TAMS 0x00000000ca900000, 0x00000000ca900000| Untracked 
| 170|0x00000000caa00000, 0x00000000caa00000, 0x00000000cab00000|  0%| F|  |TAMS 0x00000000caa00000, 0x00000000caa00000| Untracked 
| 171|0x00000000cab00000, 0x00000000cab00000, 0x00000000cac00000|  0%| F|  |TAMS 0x00000000cab00000, 0x00000000cab00000| Untracked 
| 172|0x00000000cac00000, 0x00000000cac00000, 0x00000000cad00000|  0%| F|  |TAMS 0x00000000cac00000, 0x00000000cac00000| Untracked 
| 173|0x00000000cad00000, 0x00000000cad00000, 0x00000000cae00000|  0%| F|  |TAMS 0x00000000cad00000, 0x00000000cad00000| Untracked 
| 174|0x00000000cae00000, 0x00000000cae00000, 0x00000000caf00000|  0%| F|  |TAMS 0x00000000cae00000, 0x00000000cae00000| Untracked 
| 175|0x00000000caf00000, 0x00000000caf00000, 0x00000000cb000000|  0%| F|  |TAMS 0x00000000caf00000, 0x00000000caf00000| Untracked 
| 176|0x00000000cb000000, 0x00000000cb000000, 0x00000000cb100000|  0%| F|  |TAMS 0x00000000cb000000, 0x00000000cb000000| Untracked 
| 177|0x00000000cb100000, 0x00000000cb100000, 0x00000000cb200000|  0%| F|  |TAMS 0x00000000cb100000, 0x00000000cb100000| Untracked 
| 178|0x00000000cb200000, 0x00000000cb200000, 0x00000000cb300000|  0%| F|  |TAMS 0x00000000cb200000, 0x00000000cb200000| Untracked 
| 179|0x00000000cb300000, 0x00000000cb300000, 0x00000000cb400000|  0%| F|  |TAMS 0x00000000cb300000, 0x00000000cb300000| Untracked 
| 180|0x00000000cb400000, 0x00000000cb400000, 0x00000000cb500000|  0%| F|  |TAMS 0x00000000cb400000, 0x00000000cb400000| Untracked 
| 181|0x00000000cb500000, 0x00000000cb500000, 0x00000000cb600000|  0%| F|  |TAMS 0x00000000cb500000, 0x00000000cb500000| Untracked 
| 182|0x00000000cb600000, 0x00000000cb600000, 0x00000000cb700000|  0%| F|  |TAMS 0x00000000cb600000, 0x00000000cb600000| Untracked 
| 183|0x00000000cb700000, 0x00000000cb700000, 0x00000000cb800000|  0%| F|  |TAMS 0x00000000cb700000, 0x00000000cb700000| Untracked 
| 184|0x00000000cb800000, 0x00000000cb800000, 0x00000000cb900000|  0%| F|  |TAMS 0x00000000cb800000, 0x00000000cb800000| Untracked 
| 185|0x00000000cb900000, 0x00000000cb900000, 0x00000000cba00000|  0%| F|  |TAMS 0x00000000cb900000, 0x00000000cb900000| Untracked 
| 186|0x00000000cba00000, 0x00000000cba00000, 0x00000000cbb00000|  0%| F|  |TAMS 0x00000000cba00000, 0x00000000cba00000| Untracked 
| 187|0x00000000cbb00000, 0x00000000cbb00000, 0x00000000cbc00000|  0%| F|  |TAMS 0x00000000cbb00000, 0x00000000cbb00000| Untracked 
| 188|0x00000000cbc00000, 0x00000000cbc00000, 0x00000000cbd00000|  0%| F|  |TAMS 0x00000000cbc00000, 0x00000000cbc00000| Untracked 
| 189|0x00000000cbd00000, 0x00000000cbd00000, 0x00000000cbe00000|  0%| F|  |TAMS 0x00000000cbd00000, 0x00000000cbd00000| Untracked 
| 190|0x00000000cbe00000, 0x00000000cbe00000, 0x00000000cbf00000|  0%| F|  |TAMS 0x00000000cbe00000, 0x00000000cbe00000| Untracked 
| 191|0x00000000cbf00000, 0x00000000cbf00000, 0x00000000cc000000|  0%| F|  |TAMS 0x00000000cbf00000, 0x00000000cbf00000| Untracked 
| 192|0x00000000cc000000, 0x00000000cc000000, 0x00000000cc100000|  0%| F|  |TAMS 0x00000000cc000000, 0x00000000cc000000| Untracked 
| 193|0x00000000cc100000, 0x00000000cc100000, 0x00000000cc200000|  0%| F|  |TAMS 0x00000000cc100000, 0x00000000cc100000| Untracked 
| 194|0x00000000cc200000, 0x00000000cc200000, 0x00000000cc300000|  0%| F|  |TAMS 0x00000000cc200000, 0x00000000cc200000| Untracked 
| 195|0x00000000cc300000, 0x00000000cc300000, 0x00000000cc400000|  0%| F|  |TAMS 0x00000000cc300000, 0x00000000cc300000| Untracked 
| 196|0x00000000cc400000, 0x00000000cc400000, 0x00000000cc500000|  0%| F|  |TAMS 0x00000000cc400000, 0x00000000cc400000| Untracked 
| 197|0x00000000cc500000, 0x00000000cc500000, 0x00000000cc600000|  0%| F|  |TAMS 0x00000000cc500000, 0x00000000cc500000| Untracked 
| 198|0x00000000cc600000, 0x00000000cc600000, 0x00000000cc700000|  0%| F|  |TAMS 0x00000000cc600000, 0x00000000cc600000| Untracked 
| 199|0x00000000cc700000, 0x00000000cc700000, 0x00000000cc800000|  0%| F|  |TAMS 0x00000000cc700000, 0x00000000cc700000| Untracked 
| 200|0x00000000cc800000, 0x00000000cc800000, 0x00000000cc900000|  0%| F|  |TAMS 0x00000000cc800000, 0x00000000cc800000| Untracked 
| 201|0x00000000cc900000, 0x00000000cc900000, 0x00000000cca00000|  0%| F|  |TAMS 0x00000000cc900000, 0x00000000cc900000| Untracked 
| 202|0x00000000cca00000, 0x00000000cca00000, 0x00000000ccb00000|  0%| F|  |TAMS 0x00000000cca00000, 0x00000000cca00000| Untracked 
| 203|0x00000000ccb00000, 0x00000000ccb00000, 0x00000000ccc00000|  0%| F|  |TAMS 0x00000000ccb00000, 0x00000000ccb00000| Untracked 
| 204|0x00000000ccc00000, 0x00000000ccc00000, 0x00000000ccd00000|  0%| F|  |TAMS 0x00000000ccc00000, 0x00000000ccc00000| Untracked 
| 205|0x00000000ccd00000, 0x00000000ccd00000, 0x00000000cce00000|  0%| F|  |TAMS 0x00000000ccd00000, 0x00000000ccd00000| Untracked 
| 206|0x00000000cce00000, 0x00000000cce00000, 0x00000000ccf00000|  0%| F|  |TAMS 0x00000000cce00000, 0x00000000cce00000| Untracked 
| 207|0x00000000ccf00000, 0x00000000ccf00000, 0x00000000cd000000|  0%| F|  |TAMS 0x00000000ccf00000, 0x00000000ccf00000| Untracked 
| 208|0x00000000cd000000, 0x00000000cd000000, 0x00000000cd100000|  0%| F|  |TAMS 0x00000000cd000000, 0x00000000cd000000| Untracked 
| 209|0x00000000cd100000, 0x00000000cd100000, 0x00000000cd200000|  0%| F|  |TAMS 0x00000000cd100000, 0x00000000cd100000| Untracked 
| 210|0x00000000cd200000, 0x00000000cd200000, 0x00000000cd300000|  0%| F|  |TAMS 0x00000000cd200000, 0x00000000cd200000| Untracked 
| 211|0x00000000cd300000, 0x00000000cd300000, 0x00000000cd400000|  0%| F|  |TAMS 0x00000000cd300000, 0x00000000cd300000| Untracked 
| 212|0x00000000cd400000, 0x00000000cd400000, 0x00000000cd500000|  0%| F|  |TAMS 0x00000000cd400000, 0x00000000cd400000| Untracked 
| 213|0x00000000cd500000, 0x00000000cd500000, 0x00000000cd600000|  0%| F|  |TAMS 0x00000000cd500000, 0x00000000cd500000| Untracked 
| 214|0x00000000cd600000, 0x00000000cd600000, 0x00000000cd700000|  0%| F|  |TAMS 0x00000000cd600000, 0x00000000cd600000| Untracked 
| 215|0x00000000cd700000, 0x00000000cd700000, 0x00000000cd800000|  0%| F|  |TAMS 0x00000000cd700000, 0x00000000cd700000| Untracked 
| 216|0x00000000cd800000, 0x00000000cd800000, 0x00000000cd900000|  0%| F|  |TAMS 0x00000000cd800000, 0x00000000cd800000| Untracked 
| 217|0x00000000cd900000, 0x00000000cd96c970, 0x00000000cda00000| 42%| E|  |TAMS 0x00000000cd900000, 0x00000000cd900000| Complete 
| 290|0x00000000d2200000, 0x00000000d2300000, 0x00000000d2300000|100%| O|  |TAMS 0x00000000d2300000, 0x00000000d2200000| Untracked 
| 291|0x00000000d2300000, 0x00000000d2400000, 0x00000000d2400000|100%| O|  |TAMS 0x00000000d2400000, 0x00000000d2300000| Untracked 

Card table byte_map: [0x000002058dcf0000,0x000002058def0000] _byte_map_base: 0x000002058d6f0000

Marking Bits (Prev, Next): (CMBitMap*) 0x0000020587d9e320, (CMBitMap*) 0x0000020587d9e360
 Prev Bits: [0x000002058e0f0000, 0x000002058f0f0000)
 Next Bits: [0x000002058f0f0000, 0x00000205900f0000)

Polling page: 0x0000020585c00000

Metaspace:

Usage:
  Non-class:     58.74 MB used.
      Class:      9.25 MB used.
       Both:     67.99 MB used.

Virtual space:
  Non-class space:       64.00 MB reserved,      59.19 MB ( 92%) committed,  8 nodes.
      Class space:        1.00 GB reserved,       9.56 MB ( <1%) committed,  1 nodes.
             Both:        1.06 GB reserved,      68.75 MB (  6%) committed. 

Chunk freelists:
   Non-Class:  4.13 MB
       Class:  2.46 MB
        Both:  6.59 MB

MaxMetaspaceSize: unlimited
CompressedClassSpaceSize: 1.00 GB
Initial GC threshold: 21.00 MB
Current GC threshold: 114.62 MB
CDS: off
MetaspaceReclaimPolicy: balanced
 - commit_granule_bytes: 65536.
 - commit_granule_words: 8192.
 - virtual_space_node_default_size: 1048576.
 - enlarge_chunks_in_place: 1.
 - new_chunks_are_fully_committed: 0.
 - uncommit_free_chunks: 1.
 - use_allocation_guard: 0.
 - handle_deallocations: 1.


Internal statistics:

num_allocs_failed_limit: 9.
num_arena_births: 704.
num_arena_deaths: 220.
num_vsnodes_births: 9.
num_vsnodes_deaths: 0.
num_space_committed: 1100.
num_space_uncommitted: 0.
num_chunks_returned_to_freelist: 277.
num_chunks_taken_from_freelist: 2974.
num_chunk_merges: 96.
num_chunk_splits: 2092.
num_chunks_enlarged: 1593.
num_purges: 6.
num_inconsistent_stats: 0.

CodeCache: size=49152Kb used=16932Kb max_used=18023Kb free=32219Kb
 bounds [0x000002058a9e0000, 0x000002058bbc0000, 0x000002058d9e0000]
 total_blobs=10101 nmethods=9414 adapters=614
 compilation: enabled
              stopped_count=0, restarted_count=0
 full_count=0

Compilation events (20 events):
Event: 2904.011 Thread 0x000002059344a050 9577       1       java.lang.invoke.LambdaForm$DMH/0x00000001009a1000::newInvokeSpecial (23 bytes)
Event: 2904.011 Thread 0x000002059344a050 nmethod 9577 0x000002058af14c90 code [0x000002058af14e40, 0x000002058af14fc8]
Event: 2904.011 Thread 0x000002059344a050 9578       1       java.lang.ProcessImpl$$Lambda$1310/0x00000001006d9df8::<init> (10 bytes)
Event: 2904.011 Thread 0x000002059344a050 nmethod 9578 0x000002058af14990 code [0x000002058af14b20, 0x000002058af14bf8]
Event: 2904.011 Thread 0x000002059344a050 9580       1       java.lang.ProcessHandleImpl::getInternal (13 bytes)
Event: 2904.011 Thread 0x000002059344a050 nmethod 9580 0x000002058af14610 code [0x000002058af147a0, 0x000002058af14908]
Event: 2904.011 Thread 0x000002059344a050 9581       1       java.lang.ProcessImpl$2::<init> (20 bytes)
Event: 2904.012 Thread 0x000002059344a050 nmethod 9581 0x000002058af14290 code [0x000002058af14420, 0x000002058af14598]
Event: 2904.012 Thread 0x000002059344a050 9582       1       java.lang.ProcessImpl$2::run (5 bytes)
Event: 2904.012 Thread 0x000002059344a050 nmethod 9582 0x000002058af13f90 code [0x000002058af14120, 0x000002058af14208]
Event: 2904.177 Thread 0x000002059344a050 9583   !   1       java.io.FilterOutputStream::close (183 bytes)
Event: 2904.216 Thread 0x000002059344a050 nmethod 9583 0x000002058af12e10 code [0x000002058af13020, 0x000002058af134f8]
Event: 2904.216 Thread 0x000002059344a050 9585       1       java.lang.ProcessImpl$$Lambda$1310/0x00000001006d9df8::run (8 bytes)
Event: 2904.216 Thread 0x000002059344a050 nmethod 9585 0x000002058af12b10 code [0x000002058af12ca0, 0x000002058af12d88]
Event: 2904.216 Thread 0x000002059344a050 9586       1       java.lang.ProcessImpl::lambda$new$0 (6 bytes)
Event: 2904.216 Thread 0x000002059344a050 nmethod 9586 0x000002058af12810 code [0x000002058af129a0, 0x000002058af12a68]
Event: 4208.503 Thread 0x000002059344a050 9588       1       java.lang.ProcessImpl$2::run (242 bytes)
Event: 4208.505 Thread 0x000002059344a050 nmethod 9588 0x000002058af10d90 code [0x000002058af11040, 0x000002058af11dd8]
Event: 4208.505 Thread 0x000002059344a050 9589       1       java.lang.ProcessImpl::waitFor (136 bytes)
Event: 4208.505 Thread 0x000002059344a050 nmethod 9589 0x000002058af10510 code [0x000002058af10720, 0x000002058af10b38]

GC Heap History (20 events):
Event: 7142.292 GC heap before
{Heap before GC invocations=710 (full 671):
 garbage-first heap   total 225280K, used 66675K [0x00000000c0000000, 0x0000000100000000)
  region size 1024K, 1 young (1024K), 0 survivors (0K)
 Metaspace       used 69624K, committed 70400K, reserved 1114112K
  class space    used 9470K, committed 9792K, reserved 1048576K
}
Event: 7142.327 GC heap after
{Heap after GC invocations=711 (full 672):
 garbage-first heap   total 225280K, used 66675K [0x00000000c0000000, 0x0000000100000000)
  region size 1024K, 0 young (0K), 0 survivors (0K)
 Metaspace       used 69624K, committed 70400K, reserved 1114112K
  class space    used 9470K, committed 9792K, reserved 1048576K
}
Event: 7152.468 GC heap before
{Heap before GC invocations=711 (full 672):
 garbage-first heap   total 225280K, used 66675K [0x00000000c0000000, 0x0000000100000000)
  region size 1024K, 1 young (1024K), 0 survivors (0K)
 Metaspace       used 69624K, committed 70400K, reserved 1114112K
  class space    used 9470K, committed 9792K, reserved 1048576K
}
Event: 7152.508 GC heap after
{Heap after GC invocations=712 (full 673):
 garbage-first heap   total 225280K, used 66675K [0x00000000c0000000, 0x0000000100000000)
  region size 1024K, 0 young (0K), 0 survivors (0K)
 Metaspace       used 69624K, committed 70400K, reserved 1114112K
  class space    used 9470K, committed 9792K, reserved 1048576K
}
Event: 7162.651 GC heap before
{Heap before GC invocations=712 (full 673):
 garbage-first heap   total 225280K, used 66675K [0x00000000c0000000, 0x0000000100000000)
  region size 1024K, 1 young (1024K), 0 survivors (0K)
 Metaspace       used 69624K, committed 70400K, reserved 1114112K
  class space    used 9470K, committed 9792K, reserved 1048576K
}
Event: 7162.690 GC heap after
{Heap after GC invocations=713 (full 674):
 garbage-first heap   total 225280K, used 66675K [0x00000000c0000000, 0x0000000100000000)
  region size 1024K, 0 young (0K), 0 survivors (0K)
 Metaspace       used 69624K, committed 70400K, reserved 1114112K
  class space    used 9470K, committed 9792K, reserved 1048576K
}
Event: 7172.820 GC heap before
{Heap before GC invocations=713 (full 674):
 garbage-first heap   total 225280K, used 66675K [0x00000000c0000000, 0x0000000100000000)
  region size 1024K, 1 young (1024K), 0 survivors (0K)
 Metaspace       used 69624K, committed 70400K, reserved 1114112K
  class space    used 9470K, committed 9792K, reserved 1048576K
}
Event: 7172.857 GC heap after
{Heap after GC invocations=714 (full 675):
 garbage-first heap   total 225280K, used 66675K [0x00000000c0000000, 0x0000000100000000)
  region size 1024K, 0 young (0K), 0 survivors (0K)
 Metaspace       used 69624K, committed 70400K, reserved 1114112K
  class space    used 9470K, committed 9792K, reserved 1048576K
}
Event: 7182.989 GC heap before
{Heap before GC invocations=714 (full 675):
 garbage-first heap   total 225280K, used 66675K [0x00000000c0000000, 0x0000000100000000)
  region size 1024K, 1 young (1024K), 0 survivors (0K)
 Metaspace       used 69624K, committed 70400K, reserved 1114112K
  class space    used 9470K, committed 9792K, reserved 1048576K
}
Event: 7183.026 GC heap after
{Heap after GC invocations=715 (full 676):
 garbage-first heap   total 225280K, used 66675K [0x00000000c0000000, 0x0000000100000000)
  region size 1024K, 0 young (0K), 0 survivors (0K)
 Metaspace       used 69624K, committed 70400K, reserved 1114112K
  class space    used 9470K, committed 9792K, reserved 1048576K
}
Event: 7193.160 GC heap before
{Heap before GC invocations=715 (full 676):
 garbage-first heap   total 225280K, used 66675K [0x00000000c0000000, 0x0000000100000000)
  region size 1024K, 1 young (1024K), 0 survivors (0K)
 Metaspace       used 69624K, committed 70400K, reserved 1114112K
  class space    used 9470K, committed 9792K, reserved 1048576K
}
Event: 7193.199 GC heap after
{Heap after GC invocations=716 (full 677):
 garbage-first heap   total 225280K, used 66675K [0x00000000c0000000, 0x0000000100000000)
  region size 1024K, 0 young (0K), 0 survivors (0K)
 Metaspace       used 69624K, committed 70400K, reserved 1114112K
  class space    used 9470K, committed 9792K, reserved 1048576K
}
Event: 7203.328 GC heap before
{Heap before GC invocations=716 (full 677):
 garbage-first heap   total 225280K, used 66675K [0x00000000c0000000, 0x0000000100000000)
  region size 1024K, 1 young (1024K), 0 survivors (0K)
 Metaspace       used 69624K, committed 70400K, reserved 1114112K
  class space    used 9470K, committed 9792K, reserved 1048576K
}
Event: 7203.368 GC heap after
{Heap after GC invocations=717 (full 678):
 garbage-first heap   total 225280K, used 66675K [0x00000000c0000000, 0x0000000100000000)
  region size 1024K, 0 young (0K), 0 survivors (0K)
 Metaspace       used 69624K, committed 70400K, reserved 1114112K
  class space    used 9470K, committed 9792K, reserved 1048576K
}
Event: 7213.500 GC heap before
{Heap before GC invocations=717 (full 678):
 garbage-first heap   total 225280K, used 66675K [0x00000000c0000000, 0x0000000100000000)
  region size 1024K, 1 young (1024K), 0 survivors (0K)
 Metaspace       used 69624K, committed 70400K, reserved 1114112K
  class space    used 9470K, committed 9792K, reserved 1048576K
}
Event: 7213.536 GC heap after
{Heap after GC invocations=718 (full 679):
 garbage-first heap   total 225280K, used 66675K [0x00000000c0000000, 0x0000000100000000)
  region size 1024K, 0 young (0K), 0 survivors (0K)
 Metaspace       used 69624K, committed 70400K, reserved 1114112K
  class space    used 9470K, committed 9792K, reserved 1048576K
}
Event: 7223.673 GC heap before
{Heap before GC invocations=718 (full 679):
 garbage-first heap   total 225280K, used 66675K [0x00000000c0000000, 0x0000000100000000)
  region size 1024K, 1 young (1024K), 0 survivors (0K)
 Metaspace       used 69624K, committed 70400K, reserved 1114112K
  class space    used 9470K, committed 9792K, reserved 1048576K
}
Event: 7223.714 GC heap after
{Heap after GC invocations=719 (full 680):
 garbage-first heap   total 225280K, used 66675K [0x00000000c0000000, 0x0000000100000000)
  region size 1024K, 0 young (0K), 0 survivors (0K)
 Metaspace       used 69624K, committed 70400K, reserved 1114112K
  class space    used 9470K, committed 9792K, reserved 1048576K
}
Event: 7233.867 GC heap before
{Heap before GC invocations=719 (full 680):
 garbage-first heap   total 225280K, used 66675K [0x00000000c0000000, 0x0000000100000000)
  region size 1024K, 1 young (1024K), 0 survivors (0K)
 Metaspace       used 69624K, committed 70400K, reserved 1114112K
  class space    used 9470K, committed 9792K, reserved 1048576K
}
Event: 7233.909 GC heap after
{Heap after GC invocations=720 (full 681):
 garbage-first heap   total 225280K, used 66675K [0x00000000c0000000, 0x0000000100000000)
  region size 1024K, 0 young (0K), 0 survivors (0K)
 Metaspace       used 69624K, committed 70400K, reserved 1114112K
  class space    used 9470K, committed 9792K, reserved 1048576K
}

Dll operation events (10 events):
Event: 0.012 Loaded shared library c:\Users\HP\.vscode\extensions\redhat.java-1.16.0-win32-x64\jre\17.0.6-win32-x86_64\bin\java.dll
Event: 0.323 Loaded shared library C:\Users\HP\.vscode\extensions\redhat.java-1.16.0-win32-x64\jre\17.0.6-win32-x86_64\bin\net.dll
Event: 0.328 Loaded shared library C:\Users\HP\.vscode\extensions\redhat.java-1.16.0-win32-x64\jre\17.0.6-win32-x86_64\bin\nio.dll
Event: 0.374 Loaded shared library C:\Users\HP\.vscode\extensions\redhat.java-1.16.0-win32-x64\jre\17.0.6-win32-x86_64\bin\zip.dll
Event: 0.823 Loaded shared library C:\Users\HP\.vscode\extensions\redhat.java-1.16.0-win32-x64\jre\17.0.6-win32-x86_64\bin\jimage.dll
Event: 4.715 Loaded shared library C:\Users\HP\.vscode\extensions\redhat.java-1.16.0-win32-x64\jre\17.0.6-win32-x86_64\bin\management.dll
Event: 4.719 Loaded shared library C:\Users\HP\.vscode\extensions\redhat.java-1.16.0-win32-x64\jre\17.0.6-win32-x86_64\bin\management_ext.dll
Event: 6.553 Loaded shared library C:\Users\HP\.vscode\extensions\redhat.java-1.16.0-win32-x64\jre\17.0.6-win32-x86_64\bin\sunmscapi.dll
Event: 9.762 Loaded shared library c:\Users\HP\.vscode\extensions\redhat.java-1.16.0-win32-x64\jre\17.0.6-win32-x86_64\bin\verify.dll
Event: 12.202 Loaded shared library C:\Users\HP\AppData\Local\Temp\snappy-1.1.8-f00ef35a-260b-4e60-94ec-33e7fb323add-snappyjava.dll

Deoptimization events (20 events):
Event: 12.103 Thread 0x0000020594d689a0 DEOPT PACKING pc=0x000002058ba53a6c sp=0x000000581a1fdc40
Event: 12.103 Thread 0x0000020594d689a0 DEOPT UNPACKING pc=0x000002058aa3ace3 sp=0x000000581a1fd190 mode 0
Event: 12.103 Thread 0x0000020594d689a0 DEOPT PACKING pc=0x000002058ba53a6c sp=0x000000581a1fdf70
Event: 12.103 Thread 0x0000020594d689a0 DEOPT UNPACKING pc=0x000002058aa3ace3 sp=0x000000581a1fd4c0 mode 0
Event: 12.103 Thread 0x0000020594d689a0 DEOPT PACKING pc=0x000002058ba53a6c sp=0x000000581a1fe270
Event: 12.103 Thread 0x0000020594d689a0 DEOPT UNPACKING pc=0x000002058aa3ace3 sp=0x000000581a1fd7c0 mode 0
Event: 12.104 Thread 0x0000020594d54b40 DEOPT PACKING pc=0x000002058ba53a0c sp=0x000000581b6fda10
Event: 12.104 Thread 0x0000020594d54b40 DEOPT UNPACKING pc=0x000002058aa3ace3 sp=0x000000581b6fcf58 mode 0
Event: 12.107 Thread 0x0000020594d54b40 DEOPT PACKING pc=0x000002058ba53a6c sp=0x000000581b6fdd40
Event: 12.107 Thread 0x0000020594d54b40 DEOPT UNPACKING pc=0x000002058aa3ace3 sp=0x000000581b6fd290 mode 0
Event: 12.107 Thread 0x0000020594d54b40 DEOPT PACKING pc=0x000002058ba53a6c sp=0x000000581b6fdfd0
Event: 12.107 Thread 0x0000020594d54b40 DEOPT UNPACKING pc=0x000002058aa3ace3 sp=0x000000581b6fd520 mode 0
Event: 12.108 Thread 0x0000020594d54b40 DEOPT PACKING pc=0x000002058ba53a6c sp=0x000000581b6fe300
Event: 12.108 Thread 0x0000020594d54b40 DEOPT UNPACKING pc=0x000002058aa3ace3 sp=0x000000581b6fd850 mode 0
Event: 12.108 Thread 0x0000020594d54b40 DEOPT PACKING pc=0x000002058ba53a6c sp=0x000000581b6fe600
Event: 12.108 Thread 0x0000020594d54b40 DEOPT UNPACKING pc=0x000002058aa3ace3 sp=0x000000581b6fdb50 mode 0
Event: 12.111 Thread 0x0000020594d689a0 DEOPT PACKING pc=0x000002058ba71144 sp=0x000000581a1fd1f0
Event: 12.111 Thread 0x0000020594d689a0 DEOPT UNPACKING pc=0x000002058aa3ace3 sp=0x000000581a1fc5d0 mode 0
Event: 166.972 Thread 0x0000020594717880 DEOPT PACKING pc=0x000002058b025ad4 sp=0x000000581b3fef20
Event: 166.972 Thread 0x0000020594717880 DEOPT UNPACKING pc=0x000002058aa3ace3 sp=0x000000581b3fe3a8 mode 0

Classes unloaded (20 events):
Event: 286.112 Thread 0x0000020592bbdd80 Unloading class 0x0000000100220800 'java/lang/invoke/LambdaForm$MH+0x0000000100220800'
Event: 286.112 Thread 0x0000020592bbdd80 Unloading class 0x0000000100215000 'java/lang/invoke/LambdaForm$DMH+0x0000000100215000'
Event: 286.112 Thread 0x0000020592bbdd80 Unloading class 0x0000000100091c00 'java/lang/invoke/LambdaForm$MH+0x0000000100091c00'
Event: 286.112 Thread 0x0000020592bbdd80 Unloading class 0x0000000100091800 'java/lang/invoke/LambdaForm$MH+0x0000000100091800'
Event: 286.112 Thread 0x0000020592bbdd80 Unloading class 0x0000000100091400 'java/lang/invoke/LambdaForm$MH+0x0000000100091400'
Event: 286.112 Thread 0x0000020592bbdd80 Unloading class 0x0000000100091000 'java/lang/invoke/LambdaForm$MH+0x0000000100091000'
Event: 286.112 Thread 0x0000020592bbdd80 Unloading class 0x0000000100090c00 'java/lang/invoke/LambdaForm$MH+0x0000000100090c00'
Event: 286.112 Thread 0x0000020592bbdd80 Unloading class 0x0000000100090800 'java/lang/invoke/LambdaForm$MH+0x0000000100090800'
Event: 286.112 Thread 0x0000020592bbdd80 Unloading class 0x0000000100090400 'java/lang/invoke/LambdaForm$MH+0x0000000100090400'
Event: 286.112 Thread 0x0000020592bbdd80 Unloading class 0x0000000100090000 'java/lang/invoke/LambdaForm$MH+0x0000000100090000'
Event: 286.112 Thread 0x0000020592bbdd80 Unloading class 0x000000010008b800 'java/lang/invoke/LambdaForm$MH+0x000000010008b800'
Event: 286.112 Thread 0x0000020592bbdd80 Unloading class 0x000000010008b400 'java/lang/invoke/LambdaForm$MH+0x000000010008b400'
Event: 286.112 Thread 0x0000020592bbdd80 Unloading class 0x000000010008b000 'java/lang/invoke/LambdaForm$MH+0x000000010008b000'
Event: 286.112 Thread 0x0000020592bbdd80 Unloading class 0x000000010008ac00 'java/lang/invoke/LambdaForm$MH+0x000000010008ac00'
Event: 286.112 Thread 0x0000020592bbdd80 Unloading class 0x000000010008a800 'java/lang/invoke/LambdaForm$MH+0x000000010008a800'
Event: 286.112 Thread 0x0000020592bbdd80 Unloading class 0x000000010008a400 'java/lang/invoke/LambdaForm$MH+0x000000010008a400'
Event: 286.112 Thread 0x0000020592bbdd80 Unloading class 0x0000000100089c00 'java/lang/invoke/LambdaForm$MH+0x0000000100089c00'
Event: 286.112 Thread 0x0000020592bbdd80 Unloading class 0x0000000100089400 'java/lang/invoke/LambdaForm$MH+0x0000000100089400'
Event: 286.112 Thread 0x0000020592bbdd80 Unloading class 0x0000000100088c00 'java/lang/invoke/LambdaForm$MH+0x0000000100088c00'
Event: 286.112 Thread 0x0000020592bbdd80 Unloading class 0x0000000100088400 'java/lang/invoke/LambdaForm$MH+0x0000000100088400'

Classes redefined (0 events):
No events

Internal exceptions (20 events):
Event: 12.939 Thread 0x0000020594d689a0 Exception <a 'sun/nio/fs/WindowsException'{0x00000000d8721940}> (0x00000000d8721940) 
thrown [s\src\hotspot\share\prims\jni.cpp, line 516]
Event: 12.939 Thread 0x0000020594d689a0 Exception <a 'sun/nio/fs/WindowsException'{0x00000000d8721c90}> (0x00000000d8721c90) 
thrown [s\src\hotspot\share\prims\jni.cpp, line 516]
Event: 12.939 Thread 0x0000020594d689a0 Exception <a 'sun/nio/fs/WindowsException'{0x00000000d8722bc0}> (0x00000000d8722bc0) 
thrown [s\src\hotspot\share\prims\jni.cpp, line 516]
Event: 12.939 Thread 0x0000020594d689a0 Exception <a 'sun/nio/fs/WindowsException'{0x00000000d8722f30}> (0x00000000d8722f30) 
thrown [s\src\hotspot\share\prims\jni.cpp, line 516]
Event: 12.942 Thread 0x0000020594d689a0 Exception <a 'sun/nio/fs/WindowsException'{0x00000000d875acb0}> (0x00000000d875acb0) 
thrown [s\src\hotspot\share\prims\jni.cpp, line 516]
Event: 12.942 Thread 0x0000020594d689a0 Exception <a 'sun/nio/fs/WindowsException'{0x00000000d875b028}> (0x00000000d875b028) 
thrown [s\src\hotspot\share\prims\jni.cpp, line 516]
Event: 12.943 Thread 0x0000020594d689a0 Exception <a 'sun/nio/fs/WindowsException'{0x00000000d875c4d8}> (0x00000000d875c4d8) 
thrown [s\src\hotspot\share\prims\jni.cpp, line 516]
Event: 12.943 Thread 0x0000020594d689a0 Exception <a 'sun/nio/fs/WindowsException'{0x00000000d875c868}> (0x00000000d875c868) 
thrown [s\src\hotspot\share\prims\jni.cpp, line 516]
Event: 12.945 Thread 0x0000020594d689a0 Exception <a 'sun/nio/fs/WindowsException'{0x00000000d87864b8}> (0x00000000d87864b8) 
thrown [s\src\hotspot\share\prims\jni.cpp, line 516]
Event: 12.946 Thread 0x0000020594d689a0 Exception <a 'sun/nio/fs/WindowsException'{0x00000000d8786818}> (0x00000000d8786818) 
thrown [s\src\hotspot\share\prims\jni.cpp, line 516]
Event: 12.946 Thread 0x0000020594d689a0 Exception <a 'sun/nio/fs/WindowsException'{0x00000000d8787cc0}> (0x00000000d8787cc0) 
thrown [s\src\hotspot\share\prims\jni.cpp, line 516]
Event: 12.946 Thread 0x0000020594d689a0 Exception <a 'sun/nio/fs/WindowsException'{0x00000000d8788048}> (0x00000000d8788048) 
thrown [s\src\hotspot\share\prims\jni.cpp, line 516]
Event: 111.579 Thread 0x0000020594d6be90 Exception <a 'java/lang/NoSuchMethodError'{0x00000000d7f2f1a8}: 'java.lang.Object java.lang.invoke.DirectMethodHandle$Holder.newInvokeSpecial(java.lang.Object, java.lang.Object, java.lang.Object, java.lang.Object, java.lang.Object, java.lang.Object, java.lang.Object)'> (0x00000000d7f2f1a8) 
thrown [s\src\hotspot\share\interpreter\linkResolver.cpp, line 759]
Event: 111.580 Thread 0x0000020594d6be90 Exception <a 'java/lang/NoSuchMethodError'{0x00000000d7f33ba0}: 'java.lang.Object java.lang.invoke.Invokers$Holder.linkToTargetMethod(java.lang.Object, java.lang.Object, java.lang.Object, java.lang.Object, java.lang.Object, java.lang.Object, java.lang.Object)'> (0x00000000d7f33ba0) 
thrown [s\src\hotspot\share\interpreter\linkResolver.cpp, line 759]
Event: 111.586 Thread 0x0000020594d54b40 Exception <a 'sun/nio/fs/WindowsException'{0x00000000d804c0a8}> (0x00000000d804c0a8) 
thrown [s\src\hotspot\share\prims\jni.cpp, line 516]
Event: 111.587 Thread 0x0000020594d54b40 Exception <a 'sun/nio/fs/WindowsException'{0x00000000d804d618}> (0x00000000d804d618) 
thrown [s\src\hotspot\share\prims\jni.cpp, line 516]
Event: 144.853 Thread 0x0000020594b357e0 Exception <a 'java/lang/NoSuchMethodError'{0x00000000d856eee0}: 'void java.lang.invoke.DirectMethodHandle$Holder.invokeStatic(java.lang.Object, long)'> (0x00000000d856eee0) 
thrown [s\src\hotspot\share\interpreter\linkResolver.cpp, line 759]
Event: 144.853 Thread 0x0000020594b357e0 Exception <a 'java/lang/NoSuchMethodError'{0x00000000d8574290}: 'java.lang.Object java.lang.invoke.DirectMethodHandle$Holder.newInvokeSpecial(java.lang.Object, long)'> (0x00000000d8574290) 
thrown [s\src\hotspot\share\interpreter\linkResolver.cpp, line 759]
Event: 615.958 Thread 0x0000020594d667f0 Exception <a 'sun/nio/fs/WindowsException'{0x00000000cdc83f38}> (0x00000000cdc83f38) 
thrown [s\src\hotspot\share\prims\jni.cpp, line 516]
Event: 615.960 Thread 0x0000020594d667f0 Exception <a 'sun/nio/fs/WindowsException'{0x00000000cdc854a8}> (0x00000000cdc854a8) 
thrown [s\src\hotspot\share\prims\jni.cpp, line 516]

VM Operations (20 events):
Event: 7142.327 Executing VM operation: G1CollectFull done
Event: 7152.468 Executing VM operation: G1CollectFull
Event: 7152.509 Executing VM operation: G1CollectFull done
Event: 7162.651 Executing VM operation: G1CollectFull
Event: 7162.690 Executing VM operation: G1CollectFull done
Event: 7172.820 Executing VM operation: G1CollectFull
Event: 7172.857 Executing VM operation: G1CollectFull done
Event: 7182.989 Executing VM operation: G1CollectFull
Event: 7183.026 Executing VM operation: G1CollectFull done
Event: 7193.160 Executing VM operation: G1CollectFull
Event: 7193.199 Executing VM operation: G1CollectFull done
Event: 7203.328 Executing VM operation: G1CollectFull
Event: 7203.368 Executing VM operation: G1CollectFull done
Event: 7213.500 Executing VM operation: G1CollectFull
Event: 7213.536 Executing VM operation: G1CollectFull done
Event: 7223.673 Executing VM operation: G1CollectFull
Event: 7223.715 Executing VM operation: G1CollectFull done
Event: 7233.867 Executing VM operation: G1CollectFull
Event: 7233.909 Executing VM operation: G1CollectFull done
Event: 7243.984 Executing VM operation: G1CollectFull

Events (20 events):
Event: 171.699 Thread 0x0000020594d54b40 Thread exited: 0x0000020594d54b40
Event: 182.059 Thread 0x0000020594d6b9c0 Thread added: 0x0000020594d6b9c0
Event: 182.083 Thread 0x00000205948a6000 Thread added: 0x00000205948a6000
Event: 182.084 Thread 0x0000020593bae690 Thread added: 0x0000020593bae690
Event: 188.666 Thread 0x0000020593bae690 Thread exited: 0x0000020593bae690
Event: 193.498 Thread 0x00000205948a6000 Thread exited: 0x00000205948a6000
Event: 242.098 Thread 0x0000020594d67b30 Thread exited: 0x0000020594d67b30
Event: 251.176 Thread 0x0000020594d6a1b0 Thread added: 0x0000020594d6a1b0
Event: 302.679 Thread 0x0000020594d6d6a0 Thread exited: 0x0000020594d6d6a0
Event: 311.492 Thread 0x0000020594d6b9c0 Thread exited: 0x0000020594d6b9c0
Event: 615.616 Thread 0x0000020594d6be90 Thread added: 0x0000020594d6be90
Event: 615.880 Thread 0x0000020594d6b4f0 Thread added: 0x0000020594d6b4f0
Event: 615.884 Thread 0x0000020594d667f0 Thread added: 0x0000020594d667f0
Event: 615.892 Thread 0x0000020594d6d1d0 Thread added: 0x0000020594d6d1d0
Event: 676.035 Thread 0x0000020594d6be90 Thread exited: 0x0000020594d6be90
Event: 676.421 Thread 0x0000020594d667f0 Thread exited: 0x0000020594d667f0
Event: 679.155 Thread 0x0000020594d6d1d0 Thread exited: 0x0000020594d6d1d0
Event: 712.990 Thread 0x0000020594d6be90 Thread added: 0x0000020594d6be90
Event: 773.010 Thread 0x0000020594d6b4f0 Thread exited: 0x0000020594d6b4f0
Event: 773.010 Thread 0x0000020594d6be90 Thread exited: 0x0000020594d6be90


Dynamic libraries:
0x00007ff7a1500000 - 0x00007ff7a150e000 	c:\Users\HP\.vscode\extensions\redhat.java-1.16.0-win32-x64\jre\17.0.6-win32-x86_64\bin\java.exe
0x00007ffcda970000 - 0x00007ffcdab68000 	C:\WINDOWS\SYSTEM32\ntdll.dll
0x00007ffc8e010000 - 0x00007ffc8e029000 	C:\Program Files\Avast Software\Avast\aswhook.dll
0x00007ffcd8fe0000 - 0x00007ffcd909f000 	C:\WINDOWS\System32\KERNEL32.DLL
0x00007ffcd82e0000 - 0x00007ffcd85b2000 	C:\WINDOWS\System32\KERNELBASE.dll
0x00007ffcd88c0000 - 0x00007ffcd89c0000 	C:\WINDOWS\System32\ucrtbase.dll
0x00007ffcd36b0000 - 0x00007ffcd36c7000 	c:\Users\HP\.vscode\extensions\redhat.java-1.16.0-win32-x64\jre\17.0.6-win32-x86_64\bin\jli.dll
0x00007ffcda0e0000 - 0x00007ffcda281000 	C:\WINDOWS\System32\USER32.dll
0x00007ffcd82b0000 - 0x00007ffcd82d2000 	C:\WINDOWS\System32\win32u.dll
0x00007ffcd8b50000 - 0x00007ffcd8b7b000 	C:\WINDOWS\System32\GDI32.dll
0x00007ffcd8120000 - 0x00007ffcd822f000 	C:\WINDOWS\System32\gdi32full.dll
0x00007ffcd8820000 - 0x00007ffcd88bd000 	C:\WINDOWS\System32\msvcp_win.dll
0x00007ffcd3690000 - 0x00007ffcd36a9000 	c:\Users\HP\.vscode\extensions\redhat.java-1.16.0-win32-x64\jre\17.0.6-win32-x86_64\bin\VCRUNTIME140.dll
0x00007ffcbfb40000 - 0x00007ffcbfdda000 	C:\WINDOWS\WinSxS\amd64_microsoft.windows.common-controls_6595b64144ccf1df_6.0.19041.1110_none_60b5254171f9507e\COMCTL32.dll
0x00007ffcd91f0000 - 0x00007ffcd928e000 	C:\WINDOWS\System32\msvcrt.dll
0x00007ffcd91b0000 - 0x00007ffcd91e0000 	C:\WINDOWS\System32\IMM32.DLL
0x00007ffcd3680000 - 0x00007ffcd368c000 	c:\Users\HP\.vscode\extensions\redhat.java-1.16.0-win32-x64\jre\17.0.6-win32-x86_64\bin\vcruntime140_1.dll
0x00007ffc8dc40000 - 0x00007ffc8dcd1000 	c:\Users\HP\.vscode\extensions\redhat.java-1.16.0-win32-x64\jre\17.0.6-win32-x86_64\bin\msvcp140.dll
0x00007ffc5b6b0000 - 0x00007ffc5c2f7000 	c:\Users\HP\.vscode\extensions\redhat.java-1.16.0-win32-x64\jre\17.0.6-win32-x86_64\bin\server\jvm.dll
0x00007ffcda880000 - 0x00007ffcda92e000 	C:\WINDOWS\System32\ADVAPI32.dll
0x00007ffcd8cc0000 - 0x00007ffcd8d5c000 	C:\WINDOWS\System32\sechost.dll
0x00007ffcd8eb0000 - 0x00007ffcd8fd4000 	C:\WINDOWS\System32\RPCRT4.dll
0x00007ffcbbd40000 - 0x00007ffcbbd49000 	C:\WINDOWS\SYSTEM32\WSOCK32.dll
0x00007ffcd8dc0000 - 0x00007ffcd8e2b000 	C:\WINDOWS\System32\WS2_32.dll
0x00007ffcaf570000 - 0x00007ffcaf597000 	C:\WINDOWS\SYSTEM32\WINMM.dll
0x00007ffcd0200000 - 0x00007ffcd020a000 	C:\WINDOWS\SYSTEM32\VERSION.dll
0x00007ffcd68c0000 - 0x00007ffcd68d2000 	C:\WINDOWS\SYSTEM32\kernel.appcore.dll
0x00007ffcd3670000 - 0x00007ffcd367a000 	c:\Users\HP\.vscode\extensions\redhat.java-1.16.0-win32-x64\jre\17.0.6-win32-x86_64\bin\jimage.dll
0x00007ffcd5f00000 - 0x00007ffcd60e4000 	C:\WINDOWS\SYSTEM32\DBGHELP.DLL
0x00007ffcc25a0000 - 0x00007ffcc25d5000 	C:\WINDOWS\SYSTEM32\dbgcore.DLL
0x00007ffcd85c0000 - 0x00007ffcd8642000 	C:\WINDOWS\System32\bcryptPrimitives.dll
0x00007ffcc3db0000 - 0x00007ffcc3dd5000 	c:\Users\HP\.vscode\extensions\redhat.java-1.16.0-win32-x64\jre\17.0.6-win32-x86_64\bin\java.dll
0x00007ffcce580000 - 0x00007ffcce598000 	c:\Users\HP\.vscode\extensions\redhat.java-1.16.0-win32-x64\jre\17.0.6-win32-x86_64\bin\zip.dll
0x00007ffcd9710000 - 0x00007ffcd9e55000 	C:\WINDOWS\System32\SHELL32.dll
0x00007ffcd60f0000 - 0x00007ffcd6882000 	C:\WINDOWS\SYSTEM32\windows.storage.dll
0x00007ffcd9320000 - 0x00007ffcd9675000 	C:\WINDOWS\System32\combase.dll
0x00007ffcd79f0000 - 0x00007ffcd7a20000 	C:\WINDOWS\SYSTEM32\Wldp.dll
0x00007ffcd8aa0000 - 0x00007ffcd8b4d000 	C:\WINDOWS\System32\SHCORE.dll
0x00007ffcd8e30000 - 0x00007ffcd8e85000 	C:\WINDOWS\System32\shlwapi.dll
0x00007ffcd7fb0000 - 0x00007ffcd7fcf000 	C:\WINDOWS\SYSTEM32\profapi.dll
0x00007ffcc3150000 - 0x00007ffcc3169000 	C:\Users\HP\.vscode\extensions\redhat.java-1.16.0-win32-x64\jre\17.0.6-win32-x86_64\bin\net.dll
0x00007ffcccde0000 - 0x00007ffccceea000 	C:\WINDOWS\SYSTEM32\WINHTTP.dll
0x00007ffcd7750000 - 0x00007ffcd77ba000 	C:\WINDOWS\system32\mswsock.dll
0x00007ffcc3130000 - 0x00007ffcc3145000 	C:\Users\HP\.vscode\extensions\redhat.java-1.16.0-win32-x64\jre\17.0.6-win32-x86_64\bin\nio.dll
0x00007ffcd7940000 - 0x00007ffcd7958000 	C:\WINDOWS\SYSTEM32\CRYPTSP.dll
0x00007ffcd7070000 - 0x00007ffcd70a4000 	C:\WINDOWS\system32\rsaenh.dll
0x00007ffcd8280000 - 0x00007ffcd82a7000 	C:\WINDOWS\System32\bcrypt.dll
0x00007ffcd7f70000 - 0x00007ffcd7f9e000 	C:\WINDOWS\SYSTEM32\USERENV.dll
0x00007ffcd7960000 - 0x00007ffcd796c000 	C:\WINDOWS\SYSTEM32\CRYPTBASE.dll
0x00007ffcd7440000 - 0x00007ffcd747b000 	C:\WINDOWS\SYSTEM32\IPHLPAPI.DLL
0x00007ffcd91e0000 - 0x00007ffcd91e8000 	C:\WINDOWS\System32\NSI.dll
0x00007ffccdd90000 - 0x00007ffccdda7000 	C:\WINDOWS\SYSTEM32\dhcpcsvc6.DLL
0x00007ffcd0060000 - 0x00007ffcd007d000 	C:\WINDOWS\SYSTEM32\dhcpcsvc.DLL
0x00007ffcd7480000 - 0x00007ffcd754b000 	C:\WINDOWS\SYSTEM32\DNSAPI.dll
0x00007ffcd36d0000 - 0x00007ffcd36d9000 	C:\Users\HP\.vscode\extensions\redhat.java-1.16.0-win32-x64\jre\17.0.6-win32-x86_64\bin\management.dll
0x00007ffcd2050000 - 0x00007ffcd205b000 	C:\Users\HP\.vscode\extensions\redhat.java-1.16.0-win32-x64\jre\17.0.6-win32-x86_64\bin\management_ext.dll
0x00007ffcd8b80000 - 0x00007ffcd8b88000 	C:\WINDOWS\System32\PSAPI.DLL
0x00007ffccdb40000 - 0x00007ffccdb4e000 	C:\Users\HP\.vscode\extensions\redhat.java-1.16.0-win32-x64\jre\17.0.6-win32-x86_64\bin\sunmscapi.dll
0x00007ffcd86c0000 - 0x00007ffcd8816000 	C:\WINDOWS\System32\CRYPT32.dll
0x00007ffcd7a60000 - 0x00007ffcd7a87000 	C:\WINDOWS\SYSTEM32\ncrypt.dll
0x00007ffcd7a20000 - 0x00007ffcd7a5b000 	C:\WINDOWS\SYSTEM32\NTASN1.dll
0x00007ffcbfe90000 - 0x00007ffcbfe9a000 	C:\Windows\System32\rasadhlp.dll
0x00007ffcbc7f0000 - 0x00007ffcbc870000 	C:\WINDOWS\System32\fwpuclnt.dll
0x00007ffcd27d0000 - 0x00007ffcd27e0000 	c:\Users\HP\.vscode\extensions\redhat.java-1.16.0-win32-x64\jre\17.0.6-win32-x86_64\bin\verify.dll
0x000000006c500000 - 0x000000006c5c7000 	C:\Users\HP\AppData\Local\Temp\snappy-1.1.8-f00ef35a-260b-4e60-94ec-33e7fb323add-snappyjava.dll

dbghelp: loaded successfully - version: 4.0.5 - missing functions: none
symbol engine: initialized successfully - sym options: 0x614 - pdb path: .;c:\Users\HP\.vscode\extensions\redhat.java-1.16.0-win32-x64\jre\17.0.6-win32-x86_64\bin;C:\WINDOWS\SYSTEM32;C:\Program Files\Avast Software\Avast;C:\WINDOWS\WinSxS\amd64_microsoft.windows.common-controls_6595b64144ccf1df_6.0.19041.1110_none_60b5254171f9507e;c:\Users\HP\.vscode\extensions\redhat.java-1.16.0-win32-x64\jre\17.0.6-win32-x86_64\bin\server;C:\Users\HP\AppData\Local\Temp

VM Arguments:
jvm_args: -XX:+HeapDumpOnOutOfMemoryError -Xmx1024m -Dsts.lsp.client=vscode -Dsts.log.file=/dev/null -XX:TieredStopAtLevel=1 -Xlog:jni+resolve=off -Dspring.config.location=file:c:\Users\HP\.vscode\extensions\vmware.vscode-spring-boot-1.45.0\language-server\BOOT-INF\classes\application.properties 
java_command: org.springframework.ide.vscode.boot.app.BootLanguageServerBootApp
java_class_path (initial): c:\Users\HP\.vscode\extensions\vmware.vscode-spring-boot-1.45.0\language-server\BOOT-INF\classes;c:\Users\HP\.vscode\extensions\vmware.vscode-spring-boot-1.45.0\language-server\BOOT-INF\lib\annotations-24.0.1.jar;c:\Users\HP\.vscode\extensions\vmware.vscode-spring-boot-1.45.0\language-server\BOOT-INF\lib\ant-1.10.13.jar;c:\Users\HP\.vscode\extensions\vmware.vscode-spring-boot-1.45.0\language-server\BOOT-INF\lib\ant-launcher-1.10.13.jar;c:\Users\HP\.vscode\extensions\vmware.vscode-spring-boot-1.45.0\language-server\BOOT-INF\lib\antlr-runtime-3.5.3.jar;c:\Users\HP\.vscode\extensions\vmware.vscode-spring-boot-1.45.0\language-server\BOOT-INF\lib\antlr4-4.11.1.jar;c:\Users\HP\.vscode\extensions\vmware.vscode-spring-boot-1.45.0\language-server\BOOT-INF\lib\antlr4-runtime-4.11.1.jar;c:\Users\HP\.vscode\extensions\vmware.vscode-spring-boot-1.45.0\language-server\BOOT-INF\lib\asm-9.4.jar;c:\Users\HP\.vscode\extensions\vmware.vscode-spring-boot-1.45.0\language-server\BOOT-INF\lib\asm-analysis-9.4.jar;c:\Users\HP\.vscode\extensions\vmware.vscode-spring-boot-1.45.0\language-server\BOOT-INF\lib\asm-tree-9.4.jar;c:\Users\HP\.vscode\extensions\vmware.vscode-spring-boot-1.45.0\language-server\BOOT-INF\lib\asm-util-9.4.jar;c:\Users\HP\.vscode\extensions\vmware.vscode-spring-boot-1.45.0\language-server\BOOT-INF\lib\caffeine-3.1.2.jar;c:\Users\HP\.vscode\extensions\vmware.vscode-spring-boot-1.45.0\language-server\BOOT-INF\lib\checker-qual-3.12.0.jar;c:\Users\HP\.vscode\extensions\vmware.vscode-spring-boot-1.45.0\language-server\BOOT-INF\lib\classgraph-4.8.149.jar;c:\Users\HP\.vscode\extensions\vmware.vscode-spring-boot-1.45.0\language-server\BOOT-INF\lib\commons-codec-1.15.jar;c:\Users\HP\.vscode\extensions\vmware.vscode-spring-boot-1.45.0\language-server\BOOT-INF\lib\commons-compress-1.22.jar;c:\Users\HP\.vscode\extensions\vmware.vscode-spring-boot-1.45.0\language-server\BOOT-INF\lib\commons-io-2.4.jar;c:\Users\HP\.vscode\extensions\vmware.vscode-spring-b
Launcher Type: SUN_STANDARD

[Global flags]
     intx CICompilerCount                          = 4                                         {product} {ergonomic}
     uint ConcGCThreads                            = 2                                         {product} {ergonomic}
     uint G1ConcRefinementThreads                  = 8                                         {product} {ergonomic}
   size_t G1HeapRegionSize                         = 1048576                                   {product} {ergonomic}
    uintx GCDrainStackTargetSize                   = 64                                        {product} {ergonomic}
     bool HeapDumpOnOutOfMemoryError               = true                                   {manageable} {command line}
   size_t InitialHeapSize                          = 264241152                                 {product} {ergonomic}
   size_t MarkStackSize                            = 4194304                                   {product} {ergonomic}
   size_t MaxHeapSize                              = 1073741824                                {product} {command line}
   size_t MaxNewSize                               = 643825664                                 {product} {ergonomic}
   size_t MinHeapDeltaBytes                        = 1048576                                   {product} {ergonomic}
   size_t MinHeapSize                              = 8388608                                   {product} {ergonomic}
    uintx NonProfiledCodeHeapSize                  = 0                                      {pd product} {ergonomic}
     bool ProfileInterpreter                       = false                                  {pd product} {command line}
    uintx ProfiledCodeHeapSize                     = 0                                      {pd product} {ergonomic}
   size_t SoftMaxHeapSize                          = 1073741824                             {manageable} {ergonomic}
     intx TieredStopAtLevel                        = 1                                         {product} {command line}
     bool UseCompressedClassPointers               = true                           {product lp64_product} {ergonomic}
     bool UseCompressedOops                        = true                           {product lp64_product} {ergonomic}
     bool UseG1GC                                  = true                                      {product} {ergonomic}
     bool UseLargePagesIndividualAllocation        = false                                  {pd product} {ergonomic}

Logging:
Log output configuration:
 #0: stdout all=warning,jni+resolve=off uptime,level,tags
 #1: stderr all=off uptime,level,tags

Environment Variables:
JAVA_HOME=C:\Program Files\Java\jdk-17.0.5
CLASSPATH=.;
PATH=C:\Program Files\Common Files\Oracle\Java\javapath;C:\Users\HP\AppData\Local\Programs\Python\Python310\Scripts\;C:\Users\HP\AppData\Local\Programs\Python\Python310\;C:\Program Files (x86)\NVIDIA Corporation\PhysX\Common;C:\Program Files\Microsoft MPI\Bin\;C:\WINDOWS\system32;C:\WINDOWS;C:\WINDOWS\System32\Wbem;C:\WINDOWS\System32\WindowsPowerShell\v1.0\;C:\WINDOWS\System32\OpenSSH\;C:\Program Files (x86)\Microsoft SQL Server\150\Tools\Binn\;C:\Program Files\Microsoft SQL Server\150\Tools\Binn\;C:\Program Files (x86)\Microsoft SQL Server\150\DTS\Binn\;C:\Program Files\Microsoft SQL Server\150\DTS\Binn\;C:\Program Files\Microsoft SQL Server\Client SDK\ODBC\170\Tools\Binn\;C:\ProgramData\chocolatey\bin;C:\xampp2\mysql\bin;C:\Users\HP\AppData\Local\Android\Sdk\build-tools;C:\Users\HP\AppData\Local\Android\Sdk\platforms;C:\Users\HP\AppData\Local\Android\Sdk\platform-tools;C:\Program Files\Java\jdk-17.0.5;C:\Program Files\gradle-7.3\bin;c:\bin;C:\Program Files\Git\cmd;C:\Program Files\dotnet\;C:\maven\bin\bin;C:\apache-maven-3.9.0\bin;C:\Program Files\nodejs\;C:\Users\HP\AppData\Local\Programs\Python\Python310\Scripts\;C:\Users\HP\AppData\Local\Programs\Python\Python310\;C:\Users\HP\AppData\Local\Programs\Python\Python39\Scripts\;C:\Users\HP\AppData\Local\Programs\Python\Python39\;C:\Program Files\MySQL\MySQL Shell 8.0\bin\;C:\Users\HP\.windows-build-tools\python27\;C:\Users\HP\AppData\Local\Microsoft\WindowsApps;C:\Users\HP\AppData\Local\Programs\Microsoft VS Code\bin;C:\Program Files\Azure Data Studio\bin;C:\tools\dart-sdk\bin;C:\Users\HP\AppData\Roaming\Pub\Cache\bin;C:\Users\HP\AppData\Local\Microsoft\WindowsApps;C:\Program Files\JetBrains\PyCharm Community Edition 2022.1\bin;C:\Users\HP\AppData\Local\Programs\Hyper\resources\bin;C:\Program Files\heroku\bin;C:\Users\HP\AppData\Roaming\npm
USERNAME=HP
OS=Windows_NT
PROCESSOR_IDENTIFIER=Intel64 Family 6 Model 126 Stepping 5, GenuineIntel
TMP=C:\Users\HP\AppData\Local\Temp
TEMP=C:\Users\HP\AppData\Local\Temp



---------------  S Y S T E M  ---------------

OS:
 Windows 10 , 64 bit Build 19041 (10.0.19041.2546)
OS uptime: 0 days 2:25 hours

CPU: total 8 (initial active 8) (4 cores per cpu, 2 threads per core) family 6 model 126 stepping 5 microcode 0xa8, cx8, cmov, fxsr, ht, mmx, 3dnowpref, sse, sse2, sse3, ssse3, sse4.1, sse4.2, popcnt, lzcnt, tsc, tscinvbit, avx, avx2, aes, erms, clmul, bmi1, bmi2, adx, avx512f, avx512dq, avx512cd, avx512bw, avx512vl, sha, fma, vzeroupper, avx512_vpopcntdq, avx512_vpclmulqdq, avx512_vaes, avx512_vnni, clflush, clflushopt, avx512_vbmi2, avx512_vbmi

Memory: 4k page, system-wide physical 16072M (6465M free)
TotalPageFile size 20072M (AvailPageFile size 6M)
current process WorkingSet (physical memory assigned to process): 178M, peak: 734M
current process commit charge ("private bytes"): 418M, peak: 755M

vm_info: OpenJDK 64-Bit Server VM (17.0.6+10) for windows-amd64 JRE (17.0.6+10), built on Jan 18 2023 10:08:59 by "temurin" with MS VC++ 16.7 (VS2019)

END.
